{"/home/travis/build/npmtest/node-npmtest-incremental-dom/test.js":{"path":"/home/travis/build/npmtest/node-npmtest-incremental-dom/test.js","s":{"1":2,"2":2,"3":2,"4":2,"5":2,"6":2,"7":2,"8":1,"9":2,"10":2,"11":1,"12":1,"13":1,"14":1,"15":2,"16":2,"17":2,"18":2,"19":1,"20":1,"21":2,"22":2,"23":2,"24":1,"25":1,"26":1,"27":1,"28":1,"29":1,"30":1,"31":1,"32":1,"33":1,"34":1,"35":1,"36":1,"37":1,"38":1,"39":2,"40":2,"41":1,"42":2,"43":2,"44":1,"45":2,"46":2,"47":1,"48":2,"49":2,"50":1,"51":1,"52":1,"53":1,"54":1},"b":{"1":[2,1,1,1],"2":[1,1,1,1],"3":[1,1],"4":[1,1],"5":[1,1],"6":[1,1],"7":[1,1],"8":[1,1],"9":[1,1],"10":[1,1,1],"11":[1,1],"12":[1,1],"13":[1,1],"14":[1,1],"15":[1,1],"16":[1,1],"17":[1,1]},"f":{"1":2,"2":2,"3":2,"4":2,"5":2,"6":1,"7":1,"8":1,"9":2,"10":2,"11":2,"12":2,"13":1},"fnMap":{"1":{"name":"(anonymous_1)","line":12,"loc":{"start":{"line":12,"column":1},"end":{"line":12,"column":13}}},"2":{"name":"(anonymous_2)","line":19,"loc":{"start":{"line":19,"column":5},"end":{"line":19,"column":17}}},"3":{"name":"(anonymous_3)","line":23,"loc":{"start":{"line":23,"column":24},"end":{"line":23,"column":36}}},"4":{"name":"(anonymous_4)","line":61,"loc":{"start":{"line":61,"column":5},"end":{"line":61,"column":17}}},"5":{"name":"(anonymous_5)","line":82,"loc":{"start":{"line":82,"column":5},"end":{"line":82,"column":17}}},"6":{"name":"(anonymous_6)","line":91,"loc":{"start":{"line":91,"column":77},"end":{"line":94,"column":10}}},"7":{"name":"(anonymous_7)","line":112,"loc":{"start":{"line":112,"column":83},"end":{"line":115,"column":10}},"skip":true},"8":{"name":"(anonymous_8)","line":123,"loc":{"start":{"line":123,"column":77},"end":{"line":126,"column":10}},"skip":true},"9":{"name":"(anonymous_9)","line":139,"loc":{"start":{"line":139,"column":12},"end":{"line":139,"column":40}},"skip":true},"10":{"name":"(anonymous_10)","line":147,"loc":{"start":{"line":147,"column":77},"end":{"line":150,"column":10}},"skip":true},"11":{"name":"(anonymous_11)","line":158,"loc":{"start":{"line":158,"column":83},"end":{"line":161,"column":10}},"skip":true},"12":{"name":"(anonymous_12)","line":169,"loc":{"start":{"line":169,"column":79},"end":{"line":172,"column":10}},"skip":true},"13":{"name":"(anonymous_13)","line":180,"loc":{"start":{"line":180,"column":75},"end":{"line":183,"column":10}},"skip":true}},"statementMap":{"1":{"start":{"line":12,"column":0},"end":{"line":195,"column":5}},"2":{"start":{"line":14,"column":4},"end":{"line":14,"column":14}},"3":{"start":{"line":19,"column":4},"end":{"line":56,"column":9}},"4":{"start":{"line":21,"column":8},"end":{"line":21,"column":19}},"5":{"start":{"line":23,"column":8},"end":{"line":35,"column":13}},"6":{"start":{"line":24,"column":12},"end":{"line":34,"column":13}},"7":{"start":{"line":25,"column":16},"end":{"line":28,"column":30}},"8":{"start":{"line":30,"column":16},"end":{"line":33,"column":27}},"9":{"start":{"line":37,"column":8},"end":{"line":39,"column":21}},"10":{"start":{"line":40,"column":8},"end":{"line":53,"column":9}},"11":{"start":{"line":43,"column":12},"end":{"line":46,"column":14}},"12":{"start":{"line":47,"column":12},"end":{"line":47,"column":18}},"13":{"start":{"line":50,"column":12},"end":{"line":51,"column":33}},"14":{"start":{"line":52,"column":12},"end":{"line":52,"column":18}},"15":{"start":{"line":55,"column":8},"end":{"line":55,"column":35}},"16":{"start":{"line":61,"column":4},"end":{"line":63,"column":9}},"17":{"start":{"line":62,"column":8},"end":{"line":62,"column":15}},"18":{"start":{"line":64,"column":4},"end":{"line":77,"column":5}},"19":{"start":{"line":70,"column":8},"end":{"line":70,"column":14}},"20":{"start":{"line":76,"column":8},"end":{"line":76,"column":14}},"21":{"start":{"line":82,"column":4},"end":{"line":84,"column":9}},"22":{"start":{"line":83,"column":8},"end":{"line":83,"column":15}},"23":{"start":{"line":85,"column":4},"end":{"line":194,"column":5}},"24":{"start":{"line":91,"column":8},"end":{"line":99,"column":10}},"25":{"start":{"line":98,"column":12},"end":{"line":98,"column":35}},"26":{"start":{"line":102,"column":8},"end":{"line":104,"column":63}},"27":{"start":{"line":105,"column":8},"end":{"line":105,"column":14}},"28":{"start":{"line":112,"column":8},"end":{"line":121,"column":10},"skip":true},"29":{"start":{"line":119,"column":12},"end":{"line":119,"column":55},"skip":true},"30":{"start":{"line":120,"column":12},"end":{"line":120,"column":48},"skip":true},"31":{"start":{"line":123,"column":8},"end":{"line":136,"column":10},"skip":true},"32":{"start":{"line":130,"column":12},"end":{"line":130,"column":76},"skip":true},"33":{"start":{"line":131,"column":12},"end":{"line":131,"column":73},"skip":true},"34":{"start":{"line":132,"column":12},"end":{"line":132,"column":74},"skip":true},"35":{"start":{"line":133,"column":12},"end":{"line":133,"column":79},"skip":true},"36":{"start":{"line":134,"column":12},"end":{"line":134,"column":25},"skip":true},"37":{"start":{"line":135,"column":12},"end":{"line":135,"column":45},"skip":true},"38":{"start":{"line":138,"column":8},"end":{"line":145,"column":14},"skip":true},"39":{"start":{"line":143,"column":16},"end":{"line":143,"column":29},"skip":true},"40":{"start":{"line":144,"column":16},"end":{"line":144,"column":55},"skip":true},"41":{"start":{"line":147,"column":8},"end":{"line":156,"column":10},"skip":true},"42":{"start":{"line":154,"column":12},"end":{"line":154,"column":25},"skip":true},"43":{"start":{"line":155,"column":12},"end":{"line":155,"column":45},"skip":true},"44":{"start":{"line":158,"column":8},"end":{"line":167,"column":10},"skip":true},"45":{"start":{"line":165,"column":12},"end":{"line":165,"column":25},"skip":true},"46":{"start":{"line":166,"column":12},"end":{"line":166,"column":48},"skip":true},"47":{"start":{"line":169,"column":8},"end":{"line":178,"column":10},"skip":true},"48":{"start":{"line":176,"column":12},"end":{"line":176,"column":25},"skip":true},"49":{"start":{"line":177,"column":12},"end":{"line":177,"column":46},"skip":true},"50":{"start":{"line":180,"column":8},"end":{"line":189,"column":10},"skip":true},"51":{"start":{"line":187,"column":12},"end":{"line":187,"column":94},"skip":true},"52":{"start":{"line":188,"column":12},"end":{"line":188,"column":48},"skip":true},"53":{"start":{"line":192,"column":8},"end":{"line":192,"column":35},"skip":true},"54":{"start":{"line":193,"column":8},"end":{"line":193,"column":14},"skip":true}},"branchMap":{"1":{"line":25,"type":"binary-expr","locations":[{"start":{"line":25,"column":23},"end":{"line":25,"column":62}},{"start":{"line":26,"column":20},"end":{"line":26,"column":70}},{"start":{"line":27,"column":20},"end":{"line":27,"column":71}},{"start":{"line":28,"column":20},"end":{"line":28,"column":29}}]},"2":{"line":30,"type":"binary-expr","locations":[{"start":{"line":30,"column":23},"end":{"line":30,"column":37}},{"start":{"line":31,"column":20},"end":{"line":31,"column":61}},{"start":{"line":32,"column":20},"end":{"line":32,"column":70}},{"start":{"line":33,"column":20},"end":{"line":33,"column":26}}]},"3":{"line":37,"type":"cond-expr","locations":[{"start":{"line":38,"column":14},"end":{"line":38,"column":20}},{"start":{"line":39,"column":14},"end":{"line":39,"column":20}}]},"4":{"line":40,"type":"switch","locations":[{"start":{"line":42,"column":8},"end":{"line":47,"column":18}},{"start":{"line":49,"column":8},"end":{"line":52,"column":18}}]},"5":{"line":44,"type":"binary-expr","locations":[{"start":{"line":44,"column":16},"end":{"line":44,"column":44}},{"start":{"line":44,"column":48},"end":{"line":44,"column":66}}]},"6":{"line":50,"type":"binary-expr","locations":[{"start":{"line":50,"column":21},"end":{"line":50,"column":49}},{"start":{"line":50,"column":53},"end":{"line":50,"column":72}}]},"7":{"line":64,"type":"switch","locations":[{"start":{"line":69,"column":4},"end":{"line":70,"column":14}},{"start":{"line":75,"column":4},"end":{"line":76,"column":14}}]},"8":{"line":85,"type":"switch","locations":[{"start":{"line":90,"column":4},"end":{"line":105,"column":14}},{"start":{"line":111,"column":4},"end":{"line":193,"column":14},"skip":true}]},"9":{"line":91,"type":"binary-expr","locations":[{"start":{"line":91,"column":42},"end":{"line":91,"column":73}},{"start":{"line":91,"column":77},"end":{"line":99,"column":9}}]},"10":{"line":102,"type":"binary-expr","locations":[{"start":{"line":102,"column":18},"end":{"line":102,"column":32}},{"start":{"line":103,"column":12},"end":{"line":103,"column":53}},{"start":{"line":104,"column":12},"end":{"line":104,"column":61}}]},"11":{"line":112,"type":"binary-expr","locations":[{"start":{"line":112,"column":45},"end":{"line":112,"column":79},"skip":true},{"start":{"line":112,"column":83},"end":{"line":121,"column":9},"skip":true}]},"12":{"line":123,"type":"binary-expr","locations":[{"start":{"line":123,"column":42},"end":{"line":123,"column":73},"skip":true},{"start":{"line":123,"column":77},"end":{"line":136,"column":9},"skip":true}]},"13":{"line":138,"type":"binary-expr","locations":[{"start":{"line":138,"column":48},"end":{"line":138,"column":85},"skip":true},{"start":{"line":139,"column":12},"end":{"line":145,"column":13},"skip":true}]},"14":{"line":147,"type":"binary-expr","locations":[{"start":{"line":147,"column":42},"end":{"line":147,"column":73},"skip":true},{"start":{"line":147,"column":77},"end":{"line":156,"column":9},"skip":true}]},"15":{"line":158,"type":"binary-expr","locations":[{"start":{"line":158,"column":45},"end":{"line":158,"column":79},"skip":true},{"start":{"line":158,"column":83},"end":{"line":167,"column":9},"skip":true}]},"16":{"line":169,"type":"binary-expr","locations":[{"start":{"line":169,"column":43},"end":{"line":169,"column":75},"skip":true},{"start":{"line":169,"column":79},"end":{"line":178,"column":9},"skip":true}]},"17":{"line":180,"type":"binary-expr","locations":[{"start":{"line":180,"column":41},"end":{"line":180,"column":71},"skip":true},{"start":{"line":180,"column":75},"end":{"line":189,"column":9},"skip":true}]}},"code":["/* istanbul instrument in package npmtest_incremental_dom */","/*jslint","    bitwise: true,","    browser: true,","    maxerr: 8,","    maxlen: 96,","    node: true,","    nomen: true,","    regexp: true,","    stupid: true","*/","(function () {","    'use strict';","    var local;","","","","    // run shared js-env code - init-before","    (function () {","        // init local","        local = {};","        // init modeJs","        local.modeJs = (function () {","            try {","                return typeof navigator.userAgent === 'string' &&","                    typeof document.querySelector('body') === 'object' &&","                    typeof XMLHttpRequest.prototype.open === 'function' &&","                    'browser';","            } catch (errorCaughtBrowser) {","                return module.exports &&","                    typeof process.versions.node === 'string' &&","                    typeof require('http').createServer === 'function' &&","                    'node';","            }","        }());","        // init global","        local.global = local.modeJs === 'browser'","            ? window","            : global;","        switch (local.modeJs) {","        // re-init local from window.local","        case 'browser':","            local = local.global.utility2.objectSetDefault(","                local.global.utility2_rollup || local.global.local,","                local.global.utility2","            );","            break;","        // re-init local from example.js","        case 'node':","            local = (local.global.utility2_rollup || require('utility2'))","                .requireReadme();","            break;","        }","        // export local","        local.global.local = local;","    }());","","","","    // run shared js-env code - function","    (function () {","        return;","    }());","    switch (local.modeJs) {","","","","    // run browser js-env code - function","    case 'browser':","        break;","","","","    // run node js-env code - function","    case 'node':","        break;","    }","","","","    // run shared js-env code - init-after","    (function () {","        return;","    }());","    switch (local.modeJs) {","","","","    // run browser js-env code - init-after","    case 'browser':","        local.testCase_browser_nullCase = local.testCase_browser_nullCase || function (","            options,","            onError","        ) {","        /*","         * this function will test browsers's null-case handling-behavior-behavior","         */","            onError(null, options);","        };","","        // run tests","        local.nop(local.modeTest &&","            document.querySelector('#testRunButton1') &&","            document.querySelector('#testRunButton1').click());","        break;","","","","    // run node js-env code - init-after","    /* istanbul ignore next */","    case 'node':","        local.testCase_buildApidoc_default = local.testCase_buildApidoc_default || function (","            options,","            onError","        ) {","        /*","         * this function will test buildApidoc's default handling-behavior-behavior","         */","            options = { modulePathList: module.paths };","            local.buildApidoc(options, onError);","        };","","        local.testCase_buildApp_default = local.testCase_buildApp_default || function (","            options,","            onError","        ) {","        /*","         * this function will test buildApp's default handling-behavior-behavior","         */","            local.testCase_buildReadme_default(options, local.onErrorThrow);","            local.testCase_buildLib_default(options, local.onErrorThrow);","            local.testCase_buildTest_default(options, local.onErrorThrow);","            local.testCase_buildCustomOrg_default(options, local.onErrorThrow);","            options = [];","            local.buildApp(options, onError);","        };","","        local.testCase_buildCustomOrg_default = local.testCase_buildCustomOrg_default ||","            function (options, onError) {","            /*","             * this function will test buildCustomOrg's default handling-behavior","             */","                options = {};","                local.buildCustomOrg(options, onError);","            };","","        local.testCase_buildLib_default = local.testCase_buildLib_default || function (","            options,","            onError","        ) {","        /*","         * this function will test buildLib's default handling-behavior","         */","            options = {};","            local.buildLib(options, onError);","        };","","        local.testCase_buildReadme_default = local.testCase_buildReadme_default || function (","            options,","            onError","        ) {","        /*","         * this function will test buildReadme's default handling-behavior-behavior","         */","            options = {};","            local.buildReadme(options, onError);","        };","","        local.testCase_buildTest_default = local.testCase_buildTest_default || function (","            options,","            onError","        ) {","        /*","         * this function will test buildTest's default handling-behavior","         */","            options = {};","            local.buildTest(options, onError);","        };","","        local.testCase_webpage_default = local.testCase_webpage_default || function (","            options,","            onError","        ) {","        /*","         * this function will test webpage's default handling-behavior","         */","            options = { modeCoverageMerge: true, url: local.serverLocalHost + '?modeTest=1' };","            local.browserTest(options, onError);","        };","","        // run test-server","        local.testRunServer(local);","        break;","    }","}());",""],"l":{"12":2,"14":2,"19":2,"21":2,"23":2,"24":2,"25":2,"30":1,"37":2,"40":2,"43":1,"47":1,"50":1,"52":1,"55":2,"61":2,"62":2,"64":2,"70":1,"76":1,"82":2,"83":2,"85":2,"91":1,"98":1,"102":1,"105":1,"112":1,"119":1,"120":1,"123":1,"130":1,"131":1,"132":1,"133":1,"134":1,"135":1,"138":1,"143":2,"144":2,"147":1,"154":2,"155":2,"158":1,"165":2,"166":2,"169":1,"176":2,"177":2,"180":1,"187":1,"188":1,"192":1,"193":1}},"/home/travis/build/npmtest/node-npmtest-incremental-dom/lib.npmtest_incremental_dom.js":{"path":"/home/travis/build/npmtest/node-npmtest-incremental-dom/lib.npmtest_incremental_dom.js","s":{"1":2,"2":2,"3":2,"4":2,"5":2,"6":2,"7":2,"8":1,"9":2,"10":2,"11":2,"12":2,"13":1,"14":1,"15":1,"16":1},"b":{"1":[2,1,1,1],"2":[1,1,1,1],"3":[1,1],"4":[2,2],"5":[1,1]},"f":{"1":2,"2":2,"3":2},"fnMap":{"1":{"name":"(anonymous_1)","line":12,"loc":{"start":{"line":12,"column":1},"end":{"line":12,"column":13}}},"2":{"name":"(anonymous_2)","line":19,"loc":{"start":{"line":19,"column":5},"end":{"line":19,"column":17}}},"3":{"name":"(anonymous_3)","line":23,"loc":{"start":{"line":23,"column":24},"end":{"line":23,"column":36}}}},"statementMap":{"1":{"start":{"line":12,"column":0},"end":{"line":53,"column":5}},"2":{"start":{"line":14,"column":4},"end":{"line":14,"column":14}},"3":{"start":{"line":19,"column":4},"end":{"line":52,"column":9}},"4":{"start":{"line":21,"column":8},"end":{"line":21,"column":19}},"5":{"start":{"line":23,"column":8},"end":{"line":35,"column":13}},"6":{"start":{"line":24,"column":12},"end":{"line":34,"column":13}},"7":{"start":{"line":25,"column":16},"end":{"line":28,"column":30}},"8":{"start":{"line":30,"column":16},"end":{"line":33,"column":27}},"9":{"start":{"line":37,"column":8},"end":{"line":39,"column":21}},"10":{"start":{"line":41,"column":8},"end":{"line":41,"column":54}},"11":{"start":{"line":43,"column":8},"end":{"line":43,"column":60}},"12":{"start":{"line":45,"column":8},"end":{"line":51,"column":9}},"13":{"start":{"line":46,"column":12},"end":{"line":46,"column":66}},"14":{"start":{"line":48,"column":12},"end":{"line":48,"column":35}},"15":{"start":{"line":49,"column":12},"end":{"line":49,"column":49}},"16":{"start":{"line":50,"column":12},"end":{"line":50,"column":43}}},"branchMap":{"1":{"line":25,"type":"binary-expr","locations":[{"start":{"line":25,"column":23},"end":{"line":25,"column":62}},{"start":{"line":26,"column":20},"end":{"line":26,"column":70}},{"start":{"line":27,"column":20},"end":{"line":27,"column":71}},{"start":{"line":28,"column":20},"end":{"line":28,"column":29}}]},"2":{"line":30,"type":"binary-expr","locations":[{"start":{"line":30,"column":23},"end":{"line":30,"column":37}},{"start":{"line":31,"column":20},"end":{"line":31,"column":61}},{"start":{"line":32,"column":20},"end":{"line":32,"column":70}},{"start":{"line":33,"column":20},"end":{"line":33,"column":26}}]},"3":{"line":37,"type":"cond-expr","locations":[{"start":{"line":38,"column":14},"end":{"line":38,"column":20}},{"start":{"line":39,"column":14},"end":{"line":39,"column":20}}]},"4":{"line":41,"type":"binary-expr","locations":[{"start":{"line":41,"column":16},"end":{"line":41,"column":44}},{"start":{"line":41,"column":48},"end":{"line":41,"column":53}}]},"5":{"line":45,"type":"if","locations":[{"start":{"line":45,"column":8},"end":{"line":45,"column":8}},{"start":{"line":45,"column":8},"end":{"line":45,"column":8}}]}},"code":["/* istanbul instrument in package npmtest_incremental_dom */","/*jslint","    bitwise: true,","    browser: true,","    maxerr: 8,","    maxlen: 96,","    node: true,","    nomen: true,","    regexp: true,","    stupid: true","*/","(function () {","    'use strict';","    var local;","","","","    // run shared js-env code - init-before","    (function () {","        // init local","        local = {};","        // init modeJs","        local.modeJs = (function () {","            try {","                return typeof navigator.userAgent === 'string' &&","                    typeof document.querySelector('body') === 'object' &&","                    typeof XMLHttpRequest.prototype.open === 'function' &&","                    'browser';","            } catch (errorCaughtBrowser) {","                return module.exports &&","                    typeof process.versions.node === 'string' &&","                    typeof require('http').createServer === 'function' &&","                    'node';","            }","        }());","        // init global","        local.global = local.modeJs === 'browser'","            ? window","            : global;","        // init utility2_rollup","        local = local.global.utility2_rollup || local;","        // init lib","        local.local = local.npmtest_incremental_dom = local;","        // init exports","        if (local.modeJs === 'browser') {","            local.global.utility2_npmtest_incremental_dom = local;","        } else {","            module.exports = local;","            module.exports.__dirname = __dirname;","            module.exports.module = module;","        }","    }());","}());",""],"l":{"12":2,"14":2,"19":2,"21":2,"23":2,"24":2,"25":2,"30":1,"37":2,"41":2,"43":2,"45":2,"46":1,"48":1,"49":1,"50":1}},"/home/travis/build/npmtest/node-npmtest-incremental-dom/example.js":{"path":"/home/travis/build/npmtest/node-npmtest-incremental-dom/example.js","s":{"1":2,"2":2,"3":2,"4":2,"5":2,"6":2,"7":2,"8":1,"9":2,"10":2,"11":2,"12":2,"13":1,"14":2,"15":2,"16":2,"17":2,"18":2,"19":0,"20":2,"21":1,"22":1,"23":1,"24":1,"25":1,"26":0,"27":0,"28":1,"29":1,"30":2,"31":0,"32":0,"33":0,"34":1,"35":2,"36":2,"37":3,"38":3,"39":3,"40":3,"41":0,"42":3,"43":3,"44":3,"45":1,"46":3,"47":1,"48":1,"49":1,"50":1,"51":1,"52":1,"53":1,"54":1,"55":1,"56":1,"57":0,"58":1,"59":6,"60":6,"61":1,"62":2,"63":0,"64":2,"65":1,"66":1,"67":0,"68":0,"69":0,"70":0,"71":0,"72":0,"73":0,"74":0,"75":0,"76":0,"77":0,"78":0,"79":0,"80":0,"81":0,"82":0,"83":0},"b":{"1":[2,1,1,1],"2":[1,1,1,1],"3":[1,1],"4":[2,2],"5":[1,1],"6":[1,1],"7":[2,0],"8":[2,1,1,1,1,1],"9":[0,2,0],"10":[1,1],"11":[2,1,1],"12":[1,0],"13":[0,2],"14":[2,0,0,0,0,0,0],"15":[0,3],"16":[3,0],"17":[1,1],"18":[0,1],"19":[1,2,0,2],"20":[1,0],"21":[1,1],"22":[0,0],"23":[0,0],"24":[0,0],"25":[0,0],"26":[0,0],"27":[0,0],"28":[0,0]},"f":{"1":2,"2":2,"3":2,"4":2,"5":2,"6":2,"7":3,"8":3,"9":3,"10":1,"11":6,"12":0},"fnMap":{"1":{"name":"(anonymous_1)","line":26,"loc":{"start":{"line":26,"column":1},"end":{"line":26,"column":13}}},"2":{"name":"(anonymous_2)","line":33,"loc":{"start":{"line":33,"column":5},"end":{"line":33,"column":17}}},"3":{"name":"(anonymous_3)","line":37,"loc":{"start":{"line":37,"column":24},"end":{"line":37,"column":36}}},"4":{"name":"(anonymous_4)","line":69,"loc":{"start":{"line":69,"column":31},"end":{"line":69,"column":48}},"skip":true},"5":{"name":"(anonymous_5)","line":78,"loc":{"start":{"line":78,"column":26},"end":{"line":78,"column":45}},"skip":true},"6":{"name":"(anonymous_6)","line":123,"loc":{"start":{"line":123,"column":33},"end":{"line":123,"column":48}},"skip":true},"7":{"name":"(anonymous_7)","line":125,"loc":{"start":{"line":125,"column":27},"end":{"line":125,"column":39}},"skip":true},"8":{"name":"(anonymous_8)","line":133,"loc":{"start":{"line":133,"column":59},"end":{"line":133,"column":74}},"skip":true},"9":{"name":"(anonymous_9)","line":143,"loc":{"start":{"line":143,"column":45},"end":{"line":143,"column":62}},"skip":true},"10":{"name":"(anonymous_10)","line":144,"loc":{"start":{"line":144,"column":73},"end":{"line":144,"column":92}},"skip":true},"11":{"name":"(anonymous_11)","line":272,"loc":{"start":{"line":272,"column":51},"end":{"line":272,"column":77}},"skip":true},"12":{"name":"(anonymous_12)","line":315,"loc":{"start":{"line":315,"column":32},"end":{"line":315,"column":61}},"skip":true}},"statementMap":{"1":{"start":{"line":26,"column":0},"end":{"line":326,"column":5}},"2":{"start":{"line":28,"column":4},"end":{"line":28,"column":14}},"3":{"start":{"line":33,"column":4},"end":{"line":60,"column":9}},"4":{"start":{"line":35,"column":8},"end":{"line":35,"column":19}},"5":{"start":{"line":37,"column":8},"end":{"line":49,"column":13}},"6":{"start":{"line":38,"column":12},"end":{"line":48,"column":13}},"7":{"start":{"line":39,"column":16},"end":{"line":42,"column":30}},"8":{"start":{"line":44,"column":16},"end":{"line":47,"column":27}},"9":{"start":{"line":51,"column":8},"end":{"line":53,"column":21}},"10":{"start":{"line":55,"column":8},"end":{"line":57,"column":45}},"11":{"start":{"line":59,"column":8},"end":{"line":59,"column":35}},"12":{"start":{"line":61,"column":4},"end":{"line":325,"column":5}},"13":{"start":{"line":69,"column":8},"end":{"line":121,"column":10},"skip":true},"14":{"start":{"line":70,"column":12},"end":{"line":88,"column":13},"skip":true},"15":{"start":{"line":76,"column":16},"end":{"line":87,"column":19},"skip":true},"16":{"start":{"line":79,"column":20},"end":{"line":86,"column":21},"skip":true},"17":{"start":{"line":82,"column":24},"end":{"line":82,"column":43},"skip":true},"18":{"start":{"line":83,"column":24},"end":{"line":83,"column":30},"skip":true},"19":{"start":{"line":85,"column":24},"end":{"line":85,"column":49},"skip":true},"20":{"start":{"line":89,"column":12},"end":{"line":107,"column":13},"skip":true},"21":{"start":{"line":92,"column":16},"end":{"line":102,"column":17},"skip":true},"22":{"start":{"line":93,"column":20},"end":{"line":93,"column":86},"skip":true},"23":{"start":{"line":94,"column":20},"end":{"line":95,"column":45},"skip":true},"24":{"start":{"line":96,"column":20},"end":{"line":96,"column":42},"skip":true},"25":{"start":{"line":97,"column":20},"end":{"line":97,"column":48},"skip":true},"26":{"start":{"line":100,"column":20},"end":{"line":100,"column":85},"skip":true},"27":{"start":{"line":101,"column":20},"end":{"line":101,"column":96},"skip":true},"28":{"start":{"line":103,"column":16},"end":{"line":103,"column":22},"skip":true},"29":{"start":{"line":106,"column":16},"end":{"line":106,"column":22},"skip":true},"30":{"start":{"line":108,"column":12},"end":{"line":120,"column":13},"skip":true},"31":{"start":{"line":114,"column":16},"end":{"line":119,"column":17},"skip":true},"32":{"start":{"line":116,"column":20},"end":{"line":116,"column":78},"skip":true},"33":{"start":{"line":118,"column":20},"end":{"line":118,"column":47},"skip":true},"34":{"start":{"line":123,"column":8},"end":{"line":141,"column":11},"skip":true},"35":{"start":{"line":124,"column":12},"end":{"line":124,"column":54},"skip":true},"36":{"start":{"line":125,"column":12},"end":{"line":140,"column":14},"skip":true},"37":{"start":{"line":126,"column":16},"end":{"line":126,"column":28},"skip":true},"38":{"start":{"line":127,"column":16},"end":{"line":127,"column":69},"skip":true},"39":{"start":{"line":128,"column":16},"end":{"line":128,"column":75},"skip":true},"40":{"start":{"line":129,"column":16},"end":{"line":131,"column":17},"skip":true},"41":{"start":{"line":130,"column":20},"end":{"line":130,"column":27},"skip":true},"42":{"start":{"line":133,"column":16},"end":{"line":137,"column":36},"skip":true},"43":{"start":{"line":134,"column":20},"end":{"line":136,"column":55},"skip":true},"44":{"start":{"line":139,"column":16},"end":{"line":139,"column":57},"skip":true},"45":{"start":{"line":143,"column":8},"end":{"line":147,"column":11},"skip":true},"46":{"start":{"line":144,"column":12},"end":{"line":146,"column":15},"skip":true},"47":{"start":{"line":145,"column":16},"end":{"line":145,"column":70},"skip":true},"48":{"start":{"line":149,"column":8},"end":{"line":149,"column":31},"skip":true},"49":{"start":{"line":150,"column":8},"end":{"line":150,"column":14},"skip":true},"50":{"start":{"line":158,"column":8},"end":{"line":158,"column":31},"skip":true},"51":{"start":{"line":160,"column":8},"end":{"line":160,"column":33},"skip":true},"52":{"start":{"line":161,"column":8},"end":{"line":161,"column":37},"skip":true},"53":{"start":{"line":162,"column":8},"end":{"line":162,"column":35},"skip":true},"54":{"start":{"line":164,"column":8},"end":{"line":164,"column":50},"skip":true},"55":{"start":{"line":166,"column":8},"end":{"line":256,"column":2},"skip":true},"56":{"start":{"line":258,"column":8},"end":{"line":286,"column":9},"skip":true},"57":{"start":{"line":259,"column":12},"end":{"line":269,"column":14},"skip":true},"58":{"start":{"line":271,"column":12},"end":{"line":285,"column":19},"skip":true},"59":{"start":{"line":274,"column":20},"end":{"line":274,"column":35},"skip":true},"60":{"start":{"line":275,"column":20},"end":{"line":284,"column":21},"skip":true},"61":{"start":{"line":277,"column":24},"end":{"line":277,"column":64},"skip":true},"62":{"start":{"line":279,"column":24},"end":{"line":279,"column":40},"skip":true},"63":{"start":{"line":281,"column":24},"end":{"line":281,"column":40},"skip":true},"64":{"start":{"line":283,"column":24},"end":{"line":283,"column":39},"skip":true},"65":{"start":{"line":288,"column":8},"end":{"line":290,"column":9},"skip":true},"66":{"start":{"line":289,"column":12},"end":{"line":289,"column":18},"skip":true},"67":{"start":{"line":291,"column":8},"end":{"line":293,"column":54},"skip":true},"68":{"start":{"line":296,"column":8},"end":{"line":301,"column":37},"skip":true},"69":{"start":{"line":303,"column":8},"end":{"line":303,"column":82},"skip":true},"70":{"start":{"line":306,"column":8},"end":{"line":308,"column":9},"skip":true},"71":{"start":{"line":307,"column":12},"end":{"line":307,"column":82},"skip":true},"72":{"start":{"line":310,"column":8},"end":{"line":312,"column":9},"skip":true},"73":{"start":{"line":311,"column":12},"end":{"line":311,"column":18},"skip":true},"74":{"start":{"line":313,"column":8},"end":{"line":313,"column":54},"skip":true},"75":{"start":{"line":314,"column":8},"end":{"line":314,"column":69},"skip":true},"76":{"start":{"line":315,"column":8},"end":{"line":323,"column":36},"skip":true},"77":{"start":{"line":316,"column":12},"end":{"line":316,"column":61},"skip":true},"78":{"start":{"line":317,"column":12},"end":{"line":320,"column":13},"skip":true},"79":{"start":{"line":318,"column":16},"end":{"line":318,"column":75},"skip":true},"80":{"start":{"line":319,"column":16},"end":{"line":319,"column":23},"skip":true},"81":{"start":{"line":321,"column":12},"end":{"line":321,"column":38},"skip":true},"82":{"start":{"line":322,"column":12},"end":{"line":322,"column":27},"skip":true},"83":{"start":{"line":324,"column":8},"end":{"line":324,"column":14},"skip":true}},"branchMap":{"1":{"line":39,"type":"binary-expr","locations":[{"start":{"line":39,"column":23},"end":{"line":39,"column":62}},{"start":{"line":40,"column":20},"end":{"line":40,"column":70}},{"start":{"line":41,"column":20},"end":{"line":41,"column":71}},{"start":{"line":42,"column":20},"end":{"line":42,"column":29}}]},"2":{"line":44,"type":"binary-expr","locations":[{"start":{"line":44,"column":23},"end":{"line":44,"column":37}},{"start":{"line":45,"column":20},"end":{"line":45,"column":61}},{"start":{"line":46,"column":20},"end":{"line":46,"column":70}},{"start":{"line":47,"column":20},"end":{"line":47,"column":26}}]},"3":{"line":51,"type":"cond-expr","locations":[{"start":{"line":52,"column":14},"end":{"line":52,"column":20}},{"start":{"line":53,"column":14},"end":{"line":53,"column":20}}]},"4":{"line":55,"type":"binary-expr","locations":[{"start":{"line":55,"column":16},"end":{"line":55,"column":44}},{"start":{"line":55,"column":49},"end":{"line":57,"column":43}}]},"5":{"line":55,"type":"cond-expr","locations":[{"start":{"line":56,"column":14},"end":{"line":56,"column":59}},{"start":{"line":57,"column":14},"end":{"line":57,"column":43}}]},"6":{"line":61,"type":"switch","locations":[{"start":{"line":68,"column":4},"end":{"line":150,"column":14},"skip":true},{"start":{"line":156,"column":4},"end":{"line":324,"column":14},"skip":true}]},"7":{"line":70,"type":"if","locations":[{"start":{"line":70,"column":12},"end":{"line":70,"column":12},"skip":true},{"start":{"line":70,"column":12},"end":{"line":70,"column":12},"skip":true}]},"8":{"line":70,"type":"binary-expr","locations":[{"start":{"line":70,"column":16},"end":{"line":70,"column":22},"skip":true},{"start":{"line":70,"column":27},"end":{"line":70,"column":32},"skip":true},{"start":{"line":71,"column":20},"end":{"line":71,"column":39},"skip":true},{"start":{"line":72,"column":20},"end":{"line":72,"column":49},"skip":true},{"start":{"line":73,"column":20},"end":{"line":73,"column":58},"skip":true},{"start":{"line":74,"column":20},"end":{"line":74,"column":69},"skip":true}]},"9":{"line":79,"type":"switch","locations":[{"start":{"line":80,"column":20},"end":{"line":80,"column":33},"skip":true},{"start":{"line":81,"column":20},"end":{"line":83,"column":30},"skip":true},{"start":{"line":84,"column":20},"end":{"line":85,"column":49},"skip":true}]},"10":{"line":89,"type":"switch","locations":[{"start":{"line":90,"column":12},"end":{"line":103,"column":22},"skip":true},{"start":{"line":105,"column":12},"end":{"line":106,"column":22},"skip":true}]},"11":{"line":89,"type":"binary-expr","locations":[{"start":{"line":89,"column":20},"end":{"line":89,"column":25},"skip":true},{"start":{"line":89,"column":29},"end":{"line":89,"column":48},"skip":true},{"start":{"line":89,"column":52},"end":{"line":89,"column":74},"skip":true}]},"12":{"line":92,"type":"if","locations":[{"start":{"line":92,"column":16},"end":{"line":92,"column":16},"skip":true},{"start":{"line":92,"column":16},"end":{"line":92,"column":16},"skip":true}]},"13":{"line":108,"type":"if","locations":[{"start":{"line":108,"column":12},"end":{"line":108,"column":12},"skip":true},{"start":{"line":108,"column":12},"end":{"line":108,"column":12},"skip":true}]},"14":{"line":108,"type":"binary-expr","locations":[{"start":{"line":108,"column":16},"end":{"line":108,"column":61},"skip":true},{"start":{"line":108,"column":66},"end":{"line":108,"column":72},"skip":true},{"start":{"line":108,"column":77},"end":{"line":108,"column":82},"skip":true},{"start":{"line":109,"column":20},"end":{"line":109,"column":39},"skip":true},{"start":{"line":110,"column":20},"end":{"line":110,"column":49},"skip":true},{"start":{"line":111,"column":20},"end":{"line":111,"column":58},"skip":true},{"start":{"line":112,"column":20},"end":{"line":112,"column":68},"skip":true}]},"15":{"line":129,"type":"if","locations":[{"start":{"line":129,"column":16},"end":{"line":129,"column":16},"skip":true},{"start":{"line":129,"column":16},"end":{"line":129,"column":16},"skip":true}]},"16":{"line":134,"type":"cond-expr","locations":[{"start":{"line":135,"column":26},"end":{"line":135,"column":29},"skip":true},{"start":{"line":136,"column":26},"end":{"line":136,"column":54},"skip":true}]},"17":{"line":164,"type":"binary-expr","locations":[{"start":{"line":164,"column":27},"end":{"line":164,"column":43},"skip":true},{"start":{"line":164,"column":47},"end":{"line":164,"column":49},"skip":true}]},"18":{"line":258,"type":"if","locations":[{"start":{"line":258,"column":8},"end":{"line":258,"column":8},"skip":true},{"start":{"line":258,"column":8},"end":{"line":258,"column":8},"skip":true}]},"19":{"line":275,"type":"switch","locations":[{"start":{"line":276,"column":20},"end":{"line":277,"column":64},"skip":true},{"start":{"line":278,"column":20},"end":{"line":279,"column":40},"skip":true},{"start":{"line":280,"column":20},"end":{"line":281,"column":40},"skip":true},{"start":{"line":282,"column":20},"end":{"line":283,"column":39},"skip":true}]},"20":{"line":288,"type":"if","locations":[{"start":{"line":288,"column":8},"end":{"line":288,"column":8},"skip":true},{"start":{"line":288,"column":8},"end":{"line":288,"column":8},"skip":true}]},"21":{"line":288,"type":"binary-expr","locations":[{"start":{"line":288,"column":12},"end":{"line":288,"column":40},"skip":true},{"start":{"line":288,"column":44},"end":{"line":288,"column":67},"skip":true}]},"22":{"line":292,"type":"binary-expr","locations":[{"start":{"line":292,"column":12},"end":{"line":292,"column":50},"skip":true},{"start":{"line":293,"column":12},"end":{"line":293,"column":53},"skip":true}]},"23":{"line":297,"type":"binary-expr","locations":[{"start":{"line":297,"column":12},"end":{"line":297,"column":73},"skip":true},{"start":{"line":298,"column":12},"end":{"line":301,"column":36},"skip":true}]},"24":{"line":303,"type":"binary-expr","locations":[{"start":{"line":303,"column":43},"end":{"line":303,"column":75},"skip":true},{"start":{"line":303,"column":79},"end":{"line":303,"column":81},"skip":true}]},"25":{"line":306,"type":"if","locations":[{"start":{"line":306,"column":8},"end":{"line":306,"column":8},"skip":true},{"start":{"line":306,"column":8},"end":{"line":306,"column":8},"skip":true}]},"26":{"line":310,"type":"if","locations":[{"start":{"line":310,"column":8},"end":{"line":310,"column":8},"skip":true},{"start":{"line":310,"column":8},"end":{"line":310,"column":8},"skip":true}]},"27":{"line":313,"type":"binary-expr","locations":[{"start":{"line":313,"column":27},"end":{"line":313,"column":43},"skip":true},{"start":{"line":313,"column":47},"end":{"line":313,"column":53},"skip":true}]},"28":{"line":317,"type":"if","locations":[{"start":{"line":317,"column":12},"end":{"line":317,"column":12},"skip":true},{"start":{"line":317,"column":12},"end":{"line":317,"column":12},"skip":true}]}},"code":["/*","example.js","","quickstart example","","instruction","    1. save this script as example.js","    2. run the shell command:","        $ npm install npmtest-incremental-dom && PORT=8081 node example.js","    3. play with the browser-demo on http://127.0.0.1:8081","*/","","","","/* istanbul instrument in package npmtest_incremental_dom */","/*jslint","    bitwise: true,","    browser: true,","    maxerr: 8,","    maxlen: 96,","    node: true,","    nomen: true,","    regexp: true,","    stupid: true","*/","(function () {","    'use strict';","    var local;","","","","    // run shared js-env code - init-before","    (function () {","        // init local","        local = {};","        // init modeJs","        local.modeJs = (function () {","            try {","                return typeof navigator.userAgent === 'string' &&","                    typeof document.querySelector('body') === 'object' &&","                    typeof XMLHttpRequest.prototype.open === 'function' &&","                    'browser';","            } catch (errorCaughtBrowser) {","                return module.exports &&","                    typeof process.versions.node === 'string' &&","                    typeof require('http').createServer === 'function' &&","                    'node';","            }","        }());","        // init global","        local.global = local.modeJs === 'browser'","            ? window","            : global;","        // init utility2_rollup","        local = local.global.utility2_rollup || (local.modeJs === 'browser'","            ? local.global.utility2_npmtest_incremental_dom","            : global.utility2_moduleExports);","        // export local","        local.global.local = local;","    }());","    switch (local.modeJs) {","","","","    // init-after","    // run browser js-env code - init-after","    /* istanbul ignore next */","    case 'browser':","        local.testRunBrowser = function (event) {","            if (!event || (event &&","                    event.currentTarget &&","                    event.currentTarget.className &&","                    event.currentTarget.className.includes &&","                    event.currentTarget.className.includes('onreset'))) {","                // reset output","                Array.from(","                    document.querySelectorAll('body > .resettable')","                ).forEach(function (element) {","                    switch (element.tagName) {","                    case 'INPUT':","                    case 'TEXTAREA':","                        element.value = '';","                        break;","                    default:","                        element.textContent = '';","                    }","                });","            }","            switch (event && event.currentTarget && event.currentTarget.id) {","            case 'testRunButton1':","                // show tests","                if (document.querySelector('#testReportDiv1').style.display === 'none') {","                    document.querySelector('#testReportDiv1').style.display = 'block';","                    document.querySelector('#testRunButton1').textContent =","                        'hide internal test';","                    local.modeTest = true;","                    local.testRunDefault(local);","                // hide tests","                } else {","                    document.querySelector('#testReportDiv1').style.display = 'none';","                    document.querySelector('#testRunButton1').textContent = 'run internal test';","                }","                break;","            // custom-case","            default:","                break;","            }","            if (document.querySelector('#inputTextareaEval1') && (!event || (event &&","                    event.currentTarget &&","                    event.currentTarget.className &&","                    event.currentTarget.className.includes &&","                    event.currentTarget.className.includes('oneval')))) {","                // try to eval input-code","                try {","                    /*jslint evil: true*/","                    eval(document.querySelector('#inputTextareaEval1').value);","                } catch (errorCaught) {","                    console.error(errorCaught);","                }","            }","        };","        // log stderr and stdout to #outputTextareaStdout1","        ['error', 'log'].forEach(function (key) {","            console[key + '_original'] = console[key];","            console[key] = function () {","                var element;","                console[key + '_original'].apply(console, arguments);","                element = document.querySelector('#outputTextareaStdout1');","                if (!element) {","                    return;","                }","                // append text to #outputTextareaStdout1","                element.value += Array.from(arguments).map(function (arg) {","                    return typeof arg === 'string'","                        ? arg","                        : JSON.stringify(arg, null, 4);","                }).join(' ') + '\\n';","                // scroll textarea to bottom","                element.scrollTop = element.scrollHeight;","            };","        });","        // init event-handling","        ['change', 'click', 'keyup'].forEach(function (event) {","            Array.from(document.querySelectorAll('.on' + event)).forEach(function (element) {","                element.addEventListener(event, local.testRunBrowser);","            });","        });","        // run tests","        local.testRunBrowser();","        break;","","","","    // run node js-env code - init-after","    /* istanbul ignore next */","    case 'node':","        // export local","        module.exports = local;","        // require modules","        local.fs = require('fs');","        local.http = require('http');","        local.url = require('url');","        // init assets","        local.assetsDict = local.assetsDict || {};","        /* jslint-ignore-begin */","        local.assetsDict['/assets.index.template.html'] = '\\","<!doctype html>\\n\\","<html lang=\"en\">\\n\\","<head>\\n\\","<meta charset=\"UTF-8\">\\n\\","<meta name=\"viewport\" content=\"width=device-width, initial-scale=1\">\\n\\","<title>{{env.npm_package_name}} (v{{env.npm_package_version}})</title>\\n\\","<style>\\n\\","/*csslint\\n\\","    box-sizing: false,\\n\\","    universal-selector: false\\n\\","*/\\n\\","* {\\n\\","    box-sizing: border-box;\\n\\","}\\n\\","body {\\n\\","    background: #dde;\\n\\","    font-family: Arial, Helvetica, sans-serif;\\n\\","    margin: 2rem;\\n\\","}\\n\\","body > * {\\n\\","    margin-bottom: 1rem;\\n\\","}\\n\\",".utility2FooterDiv {\\n\\","    margin-top: 20px;\\n\\","    text-align: center;\\n\\","}\\n\\","</style>\\n\\","<style>\\n\\","/*csslint\\n\\","*/\\n\\","textarea {\\n\\","    font-family: monospace;\\n\\","    height: 10rem;\\n\\","    width: 100%;\\n\\","}\\n\\","textarea[readonly] {\\n\\","    background: #ddd;\\n\\","}\\n\\","</style>\\n\\","</head>\\n\\","<body>\\n\\","<!-- utility2-comment\\n\\","<div id=\"ajaxProgressDiv1\" style=\"background: #d00; height: 2px; left: 0; margin: 0; padding: 0; position: fixed; top: 0; transition: background 0.5s, width 1.5s; width: 25%;\"></div>\\n\\","utility2-comment -->\\n\\","<h1>\\n\\","<!-- utility2-comment\\n\\","    <a\\n\\","        {{#if env.npm_package_homepage}}\\n\\","        href=\"{{env.npm_package_homepage}}\"\\n\\","        {{/if env.npm_package_homepage}}\\n\\","        target=\"_blank\"\\n\\","    >\\n\\","utility2-comment -->\\n\\","        {{env.npm_package_name}} (v{{env.npm_package_version}})\\n\\","<!-- utility2-comment\\n\\","    </a>\\n\\","utility2-comment -->\\n\\","</h1>\\n\\","<h3>{{env.npm_package_description}}</h3>\\n\\","<!-- utility2-comment\\n\\","<h4><a download href=\"assets.app.js\">download standalone app</a></h4>\\n\\","<button class=\"onclick onreset\" id=\"testRunButton1\">run internal test</button><br>\\n\\","<div id=\"testReportDiv1\" style=\"display: none;\"></div>\\n\\","utility2-comment -->\\n\\","\\n\\","\\n\\","\\n\\","<label>stderr and stdout</label>\\n\\","<textarea class=\"resettable\" id=\"outputTextareaStdout1\" readonly></textarea>\\n\\","<!-- utility2-comment\\n\\","{{#if isRollup}}\\n\\","<script src=\"assets.app.js\"></script>\\n\\","{{#unless isRollup}}\\n\\","utility2-comment -->\\n\\","<script src=\"assets.utility2.rollup.js\"></script>\\n\\","<script src=\"jsonp.utility2._stateInit?callback=window.utility2._stateInit\"></script>\\n\\","<script src=\"assets.npmtest_incremental_dom.rollup.js\"></script>\\n\\","<script src=\"assets.example.js\"></script>\\n\\","<script src=\"assets.test.js\"></script>\\n\\","<!-- utility2-comment\\n\\","{{/if isRollup}}\\n\\","utility2-comment -->\\n\\","<div class=\"utility2FooterDiv\">\\n\\","    [ this app was created with\\n\\","    <a href=\"https://github.com/kaizhu256/node-utility2\" target=\"_blank\">utility2</a>\\n\\","    ]\\n\\","</div>\\n\\","</body>\\n\\","</html>\\n\\","';","        /* jslint-ignore-end */","        if (local.templateRender) {","            local.assetsDict['/'] = local.templateRender(","                local.assetsDict['/assets.index.template.html'],","                {","                    env: local.objectSetDefault(local.env, {","                        npm_package_description: 'the greatest app in the world!',","                        npm_package_name: 'my-app',","                        npm_package_nameAlias: 'my_app',","                        npm_package_version: '0.0.1'","                    })","                }","            );","        } else {","            local.assetsDict['/'] = local.assetsDict['/assets.index.template.html']","                .replace((/\\{\\{env\\.(\\w+?)\\}\\}/g), function (match0, match1) {","                    // jslint-hack","                    String(match0);","                    switch (match1) {","                    case 'npm_package_description':","                        return 'the greatest app in the world!';","                    case 'npm_package_name':","                        return 'my-app';","                    case 'npm_package_nameAlias':","                        return 'my_app';","                    case 'npm_package_version':","                        return '0.0.1';","                    }","                });","        }","        // run the cli","        if (local.global.utility2_rollup || module !== require.main) {","            break;","        }","        local.assetsDict['/assets.example.js'] =","            local.assetsDict['/assets.example.js'] ||","            local.fs.readFileSync(__filename, 'utf8');","        // bug-workaround - long $npm_package_buildCustomOrg","        /* jslint-ignore-begin */","        local.assetsDict['/assets.npmtest_incremental_dom.rollup.js'] =","            local.assetsDict['/assets.npmtest_incremental_dom.rollup.js'] ||","            local.fs.readFileSync(","                local.npmtest_incremental_dom.__dirname + '/lib.npmtest_incremental_dom.js',","                'utf8'","            ).replace((/^#!/), '//');","        /* jslint-ignore-end */","        local.assetsDict['/favicon.ico'] = local.assetsDict['/favicon.ico'] || '';","        // if $npm_config_timeout_exit exists,","        // then exit this process after $npm_config_timeout_exit ms","        if (Number(process.env.npm_config_timeout_exit)) {","            setTimeout(process.exit, Number(process.env.npm_config_timeout_exit));","        }","        // start server","        if (local.global.utility2_serverHttp1) {","            break;","        }","        process.env.PORT = process.env.PORT || '8081';","        console.error('server starting on port ' + process.env.PORT);","        local.http.createServer(function (request, response) {","            request.urlParsed = local.url.parse(request.url);","            if (local.assetsDict[request.urlParsed.pathname] !== undefined) {","                response.end(local.assetsDict[request.urlParsed.pathname]);","                return;","            }","            response.statusCode = 404;","            response.end();","        }).listen(process.env.PORT);","        break;","    }","}());",""],"l":{"26":2,"28":2,"33":2,"35":2,"37":2,"38":2,"39":2,"44":1,"51":2,"55":2,"59":2,"61":2,"69":1,"70":2,"76":2,"79":2,"82":2,"83":2,"85":1,"89":2,"92":1,"93":1,"94":1,"96":1,"97":1,"100":1,"101":1,"103":1,"106":1,"108":2,"114":1,"116":1,"118":1,"123":1,"124":2,"125":2,"126":3,"127":3,"128":3,"129":3,"130":1,"133":3,"134":3,"139":3,"143":1,"144":3,"145":1,"149":1,"150":1,"158":1,"160":1,"161":1,"162":1,"164":1,"166":1,"258":1,"259":1,"271":1,"274":6,"275":6,"277":1,"279":2,"281":1,"283":2,"288":1,"289":1,"291":1,"296":1,"303":1,"306":1,"307":1,"310":1,"311":1,"313":1,"314":1,"315":1,"316":1,"317":1,"318":1,"319":1,"321":1,"322":1,"324":1}},"/home/travis/build/npmtest/node-npmtest-incremental-dom/node_modules/incremental-dom/dist/incremental-dom-cjs.js":{"path":"/home/travis/build/npmtest/node-npmtest-incremental-dom/node_modules/incremental-dom/dist/incremental-dom-cjs.js","s":{"1":1,"2":1,"3":1,"4":1,"5":0,"6":1,"7":1,"8":1,"9":0,"10":0,"11":0,"12":0,"13":0,"14":0,"15":0,"16":0,"17":0,"18":0,"19":1,"20":0,"21":0,"22":0,"23":1,"24":0,"25":0,"26":1,"27":0,"28":0,"29":0,"30":0,"31":0,"32":0,"33":0,"34":0,"35":0,"36":0,"37":0,"38":0,"39":0,"40":0,"41":0,"42":0,"43":0,"44":0,"45":0,"46":0,"47":0,"48":0,"49":0,"50":1,"51":0,"52":0,"53":0,"54":0,"55":0,"56":1,"57":0,"58":0,"59":0,"60":0,"61":0,"62":0,"63":0,"64":1,"65":0,"66":0,"67":0,"68":1,"69":1,"70":0,"71":0,"72":1,"73":0,"74":0,"75":1,"76":0,"77":0,"78":1,"79":0,"80":0,"81":0,"82":0,"83":1,"84":1,"85":1,"86":0,"87":0,"88":1,"89":0,"90":0,"91":0,"92":0,"93":0,"94":0,"95":0,"96":0,"97":1,"98":0,"99":0,"100":1,"101":0,"102":0,"103":1,"104":0,"105":0,"106":1,"107":0,"108":0,"109":1,"110":0,"111":0,"112":1,"113":0,"114":0,"115":1,"116":0,"117":0,"118":0,"119":0,"120":0,"121":1,"122":0,"123":0,"124":0,"125":1,"126":0,"127":0,"128":0,"129":1,"130":0,"131":1,"132":0,"133":0,"134":0,"135":0,"136":0,"137":0,"138":1,"139":0,"140":0,"141":0,"142":0,"143":0,"144":0,"145":1,"146":0,"147":0,"148":1,"149":0,"150":0,"151":0,"152":0,"153":1,"154":0,"155":0,"156":0,"157":0,"158":0,"159":0,"160":1,"161":1,"162":1,"163":1,"164":1,"165":0,"166":0,"167":1,"168":2,"169":0,"170":0,"171":0,"172":0,"173":0,"174":0,"175":0,"176":0,"177":0,"178":0,"179":0,"180":0,"181":0,"182":0,"183":0,"184":0,"185":0,"186":0,"187":0,"188":0,"189":0,"190":0,"191":0,"192":0,"193":0,"194":0,"195":2,"196":1,"197":0,"198":0,"199":0,"200":0,"201":0,"202":0,"203":0,"204":1,"205":0,"206":0,"207":0,"208":0,"209":0,"210":0,"211":0,"212":0,"213":0,"214":0,"215":0,"216":0,"217":0,"218":1,"219":0,"220":0,"221":1,"222":0,"223":0,"224":0,"225":0,"226":0,"227":0,"228":0,"229":0,"230":0,"231":0,"232":0,"233":0,"234":0,"235":0,"236":0,"237":0,"238":0,"239":0,"240":0,"241":0,"242":0,"243":0,"244":0,"245":0,"246":0,"247":0,"248":0,"249":0,"250":1,"251":0,"252":0,"253":0,"254":0,"255":0,"256":1,"257":0,"258":0,"259":0,"260":0,"261":0,"262":0,"263":0,"264":0,"265":0,"266":0,"267":0,"268":0,"269":0,"270":0,"271":0,"272":0,"273":0,"274":0,"275":1,"276":0,"277":0,"278":1,"279":0,"280":0,"281":0,"282":1,"283":0,"284":1,"285":0,"286":0,"287":0,"288":1,"289":0,"290":0,"291":0,"292":0,"293":1,"294":0,"295":0,"296":0,"297":0,"298":1,"299":0,"300":0,"301":0,"302":1,"303":0,"304":0,"305":0,"306":0,"307":1,"308":0,"309":0,"310":0,"311":0,"312":1,"313":0,"314":0,"315":0,"316":0,"317":1,"318":1,"319":1,"320":0,"321":0,"322":0,"323":0,"324":1,"325":0,"326":0,"327":0,"328":0,"329":0,"330":0,"331":1,"332":0,"333":1,"334":0,"335":0,"336":0,"337":1,"338":0,"339":0,"340":0,"341":0,"342":0,"343":0,"344":0,"345":0,"346":1,"347":0,"348":0,"349":0,"350":0,"351":1,"352":0,"353":0,"354":0,"355":0,"356":0,"357":0,"358":0,"359":1,"360":1,"361":1,"362":1,"363":1,"364":1,"365":0,"366":0,"367":0,"368":0,"369":0,"370":0,"371":0,"372":0,"373":0,"374":0,"375":0,"376":0,"377":0,"378":0,"379":0,"380":0,"381":0,"382":0,"383":0,"384":0,"385":0,"386":0,"387":0,"388":0,"389":0,"390":0,"391":0,"392":0,"393":0,"394":0,"395":0,"396":0,"397":0,"398":0,"399":0,"400":0,"401":0,"402":0,"403":0,"404":0,"405":0,"406":1,"407":0,"408":0,"409":0,"410":0,"411":0,"412":0,"413":1,"414":0,"415":0,"416":0,"417":0,"418":1,"419":0,"420":0,"421":0,"422":0,"423":0,"424":0,"425":1,"426":0,"427":0,"428":0,"429":0,"430":0,"431":0,"432":1,"433":0,"434":0,"435":1,"436":0,"437":0,"438":0,"439":0,"440":0,"441":0,"442":0,"443":0,"444":0,"445":0,"446":0,"447":0,"448":0,"449":1,"450":1,"451":1,"452":1,"453":1,"454":1,"455":1,"456":1,"457":1,"458":1,"459":1,"460":1,"461":1,"462":1,"463":1,"464":1,"465":1,"466":1,"467":1,"468":1},"b":{"1":[0,0],"2":[0,0],"3":[0,0],"4":[0,0],"5":[0,0],"6":[0,0],"7":[0,0],"8":[0,0],"9":[0,0],"10":[0,0],"11":[0,0],"12":[0,0],"13":[0,0],"14":[0,0],"15":[0,0],"16":[0,0],"17":[0,0],"18":[0,0],"19":[0,0],"20":[0,0],"21":[0,0],"22":[0,0],"23":[0,0],"24":[0,0],"25":[0,0],"26":[0,0],"27":[0,0],"28":[0,0],"29":[0,0,0],"30":[0,0],"31":[0,0],"32":[0,0],"33":[0,0],"34":[0,0],"35":[0,0],"36":[0,0],"37":[0,0],"38":[0,0],"39":[0,0],"40":[0,0],"41":[0,0],"42":[0,0],"43":[0,0],"44":[0,0],"45":[0,0],"46":[0,0],"47":[0,0],"48":[0,0],"49":[0,0],"50":[0,0],"51":[0,0],"52":[0,0],"53":[0,0],"54":[0,0],"55":[0,0,0],"56":[0,0],"57":[0,0],"58":[0,0],"59":[0,0],"60":[0,0],"61":[0,0],"62":[0,0],"63":[0,0],"64":[0,0],"65":[0,0],"66":[0,0],"67":[0,0],"68":[0,0],"69":[0,0],"70":[0,0],"71":[0,0],"72":[0,0],"73":[0,0],"74":[0,0],"75":[0,0],"76":[0,0],"77":[0,0],"78":[0,0],"79":[0,0],"80":[0,0],"81":[0,0],"82":[0,0],"83":[0,0],"84":[0,0],"85":[0,0],"86":[0,0],"87":[0,0],"88":[0,0],"89":[0,0],"90":[0,0],"91":[0,0],"92":[0,0],"93":[0,0]},"f":{"1":1,"2":0,"3":1,"4":0,"5":0,"6":0,"7":0,"8":0,"9":0,"10":0,"11":0,"12":0,"13":0,"14":0,"15":0,"16":0,"17":0,"18":0,"19":0,"20":0,"21":0,"22":0,"23":0,"24":0,"25":0,"26":0,"27":0,"28":0,"29":0,"30":0,"31":0,"32":0,"33":2,"34":0,"35":0,"36":0,"37":0,"38":0,"39":0,"40":0,"41":0,"42":0,"43":0,"44":0,"45":0,"46":0,"47":0,"48":0,"49":0,"50":0,"51":0,"52":0,"53":0,"54":0,"55":0,"56":0,"57":0,"58":0,"59":0,"60":0,"61":0,"62":0,"63":0,"64":0},"fnMap":{"1":{"name":"Blank","line":46,"loc":{"start":{"line":46,"column":0},"end":{"line":46,"column":17}}},"2":{"name":"(anonymous_2)","line":56,"loc":{"start":{"line":56,"column":10},"end":{"line":56,"column":35}}},"3":{"name":"(anonymous_3)","line":64,"loc":{"start":{"line":64,"column":16},"end":{"line":64,"column":28}}},"4":{"name":"NodeData","line":74,"loc":{"start":{"line":74,"column":0},"end":{"line":74,"column":33}}},"5":{"name":"(anonymous_5)","line":146,"loc":{"start":{"line":146,"column":15},"end":{"line":146,"column":46}}},"6":{"name":"(anonymous_6)","line":158,"loc":{"start":{"line":158,"column":14},"end":{"line":158,"column":30}}},"7":{"name":"(anonymous_7)","line":168,"loc":{"start":{"line":168,"column":17},"end":{"line":168,"column":33}}},"8":{"name":"(anonymous_8)","line":211,"loc":{"start":{"line":211,"column":25},"end":{"line":211,"column":48}}},"9":{"name":"(anonymous_9)","line":231,"loc":{"start":{"line":231,"column":20},"end":{"line":231,"column":53}}},"10":{"name":"(anonymous_10)","line":251,"loc":{"start":{"line":251,"column":17},"end":{"line":251,"column":32}}},"11":{"name":"Context","line":295,"loc":{"start":{"line":295,"column":0},"end":{"line":295,"column":19}}},"12":{"name":"(anonymous_12)","line":310,"loc":{"start":{"line":310,"column":32},"end":{"line":310,"column":48}}},"13":{"name":"(anonymous_13)","line":319,"loc":{"start":{"line":319,"column":32},"end":{"line":319,"column":48}}},"14":{"name":"(anonymous_14)","line":328,"loc":{"start":{"line":328,"column":34},"end":{"line":328,"column":46}}},"15":{"name":"(anonymous_15)","line":373,"loc":{"start":{"line":373,"column":20},"end":{"line":373,"column":53}}},"16":{"name":"(anonymous_16)","line":384,"loc":{"start":{"line":384,"column":27},"end":{"line":384,"column":56}}},"17":{"name":"(anonymous_17)","line":403,"loc":{"start":{"line":403,"column":28},"end":{"line":403,"column":52}}},"18":{"name":"(anonymous_18)","line":413,"loc":{"start":{"line":413,"column":22},"end":{"line":413,"column":46}}},"19":{"name":"(anonymous_19)","line":423,"loc":{"start":{"line":423,"column":25},"end":{"line":423,"column":49}}},"20":{"name":"(anonymous_20)","line":432,"loc":{"start":{"line":432,"column":36},"end":{"line":432,"column":48}}},"21":{"name":"(anonymous_21)","line":443,"loc":{"start":{"line":443,"column":32},"end":{"line":443,"column":57}}},"22":{"name":"(anonymous_22)","line":455,"loc":{"start":{"line":455,"column":34},"end":{"line":455,"column":72}}},"23":{"name":"(anonymous_23)","line":471,"loc":{"start":{"line":471,"column":33},"end":{"line":471,"column":103}}},"24":{"name":"(anonymous_24)","line":486,"loc":{"start":{"line":486,"column":22},"end":{"line":486,"column":39}}},"25":{"name":"(anonymous_25)","line":497,"loc":{"start":{"line":497,"column":16},"end":{"line":497,"column":33}}},"26":{"name":"(anonymous_26)","line":523,"loc":{"start":{"line":523,"column":21},"end":{"line":523,"column":37}}},"27":{"name":"(anonymous_27)","line":535,"loc":{"start":{"line":535,"column":18},"end":{"line":535,"column":40}}},"28":{"name":"(anonymous_28)","line":551,"loc":{"start":{"line":551,"column":14},"end":{"line":551,"column":30}}},"29":{"name":"(anonymous_29)","line":568,"loc":{"start":{"line":568,"column":23},"end":{"line":568,"column":39}}},"30":{"name":"(anonymous_30)","line":580,"loc":{"start":{"line":580,"column":21},"end":{"line":580,"column":43}}},"31":{"name":"(anonymous_31)","line":597,"loc":{"start":{"line":597,"column":17},"end":{"line":597,"column":60}}},"32":{"name":"(anonymous_32)","line":624,"loc":{"start":{"line":624,"column":18},"end":{"line":624,"column":48}}},"33":{"name":"(anonymous_33)","line":637,"loc":{"start":{"line":637,"column":19},"end":{"line":637,"column":34}}},"34":{"name":"(anonymous_34)","line":648,"loc":{"start":{"line":648,"column":10},"end":{"line":648,"column":36}}},"35":{"name":"(anonymous_35)","line":699,"loc":{"start":{"line":699,"column":30},"end":{"line":699,"column":56}}},"36":{"name":"(anonymous_36)","line":725,"loc":{"start":{"line":725,"column":30},"end":{"line":725,"column":56}}},"37":{"name":"(anonymous_37)","line":758,"loc":{"start":{"line":758,"column":14},"end":{"line":758,"column":50}}},"38":{"name":"(anonymous_38)","line":774,"loc":{"start":{"line":774,"column":19},"end":{"line":774,"column":44}}},"39":{"name":"(anonymous_39)","line":837,"loc":{"start":{"line":837,"column":18},"end":{"line":837,"column":49}}},"40":{"name":"(anonymous_40)","line":851,"loc":{"start":{"line":851,"column":24},"end":{"line":851,"column":36}}},"41":{"name":"(anonymous_41)","line":885,"loc":{"start":{"line":885,"column":16},"end":{"line":885,"column":28}}},"42":{"name":"(anonymous_42)","line":893,"loc":{"start":{"line":893,"column":18},"end":{"line":893,"column":30}}},"43":{"name":"(anonymous_43)","line":904,"loc":{"start":{"line":904,"column":15},"end":{"line":904,"column":27}}},"44":{"name":"(anonymous_44)","line":911,"loc":{"start":{"line":911,"column":15},"end":{"line":911,"column":27}}},"45":{"name":"(anonymous_45)","line":928,"loc":{"start":{"line":928,"column":22},"end":{"line":928,"column":42}}},"46":{"name":"(anonymous_46)","line":942,"loc":{"start":{"line":942,"column":23},"end":{"line":942,"column":35}}},"47":{"name":"(anonymous_47)","line":958,"loc":{"start":{"line":958,"column":15},"end":{"line":958,"column":27}}},"48":{"name":"(anonymous_48)","line":969,"loc":{"start":{"line":969,"column":21},"end":{"line":969,"column":33}}},"49":{"name":"(anonymous_49)","line":981,"loc":{"start":{"line":981,"column":21},"end":{"line":981,"column":33}}},"50":{"name":"(anonymous_50)","line":993,"loc":{"start":{"line":993,"column":11},"end":{"line":993,"column":23}}},"51":{"name":"(anonymous_51)","line":1032,"loc":{"start":{"line":1032,"column":19},"end":{"line":1032,"column":35}}},"52":{"name":"(anonymous_52)","line":1050,"loc":{"start":{"line":1050,"column":16},"end":{"line":1050,"column":43}}},"53":{"name":"(anonymous_53)","line":1069,"loc":{"start":{"line":1069,"column":16},"end":{"line":1069,"column":43}}},"54":{"name":"(anonymous_54)","line":1080,"loc":{"start":{"line":1080,"column":20},"end":{"line":1080,"column":50}}},"55":{"name":"(anonymous_55)","line":1096,"loc":{"start":{"line":1096,"column":17},"end":{"line":1096,"column":44}}},"56":{"name":"(anonymous_56)","line":1120,"loc":{"start":{"line":1120,"column":26},"end":{"line":1120,"column":53}}},"57":{"name":"(anonymous_57)","line":1136,"loc":{"start":{"line":1136,"column":22},"end":{"line":1136,"column":49}}},"58":{"name":"(anonymous_58)","line":1188,"loc":{"start":{"line":1188,"column":18},"end":{"line":1188,"column":57}}},"59":{"name":"(anonymous_59)","line":1280,"loc":{"start":{"line":1280,"column":23},"end":{"line":1280,"column":52}}},"60":{"name":"(anonymous_60)","line":1298,"loc":{"start":{"line":1298,"column":11},"end":{"line":1298,"column":34}}},"61":{"name":"(anonymous_61)","line":1311,"loc":{"start":{"line":1311,"column":21},"end":{"line":1311,"column":33}}},"62":{"name":"(anonymous_62)","line":1328,"loc":{"start":{"line":1328,"column":19},"end":{"line":1328,"column":34}}},"63":{"name":"(anonymous_63)","line":1356,"loc":{"start":{"line":1356,"column":18},"end":{"line":1356,"column":57}}},"64":{"name":"(anonymous_64)","line":1370,"loc":{"start":{"line":1370,"column":11},"end":{"line":1370,"column":38}}}},"statementMap":{"1":{"start":{"line":40,"column":0},"end":{"line":40,"column":53}},"2":{"start":{"line":46,"column":0},"end":{"line":46,"column":19}},"3":{"start":{"line":48,"column":0},"end":{"line":48,"column":38}},"4":{"start":{"line":56,"column":0},"end":{"line":58,"column":2}},"5":{"start":{"line":57,"column":2},"end":{"line":57,"column":44}},"6":{"start":{"line":64,"column":0},"end":{"line":66,"column":2}},"7":{"start":{"line":65,"column":2},"end":{"line":65,"column":21}},"8":{"start":{"line":74,"column":0},"end":{"line":136,"column":1}},"9":{"start":{"line":79,"column":2},"end":{"line":79,"column":27}},"10":{"start":{"line":87,"column":2},"end":{"line":87,"column":21}},"11":{"start":{"line":93,"column":2},"end":{"line":93,"column":30}},"12":{"start":{"line":99,"column":2},"end":{"line":99,"column":30}},"13":{"start":{"line":106,"column":2},"end":{"line":106,"column":17}},"14":{"start":{"line":112,"column":2},"end":{"line":112,"column":28}},"15":{"start":{"line":118,"column":2},"end":{"line":118,"column":26}},"16":{"start":{"line":124,"column":2},"end":{"line":124,"column":23}},"17":{"start":{"line":130,"column":2},"end":{"line":130,"column":27}},"18":{"start":{"line":135,"column":2},"end":{"line":135,"column":19}},"19":{"start":{"line":146,"column":0},"end":{"line":150,"column":2}},"20":{"start":{"line":147,"column":2},"end":{"line":147,"column":41}},"21":{"start":{"line":148,"column":2},"end":{"line":148,"column":38}},"22":{"start":{"line":149,"column":2},"end":{"line":149,"column":14}},"23":{"start":{"line":158,"column":0},"end":{"line":161,"column":2}},"24":{"start":{"line":159,"column":2},"end":{"line":159,"column":19}},"25":{"start":{"line":160,"column":2},"end":{"line":160,"column":38}},"26":{"start":{"line":168,"column":0},"end":{"line":203,"column":2}},"27":{"start":{"line":169,"column":2},"end":{"line":171,"column":3}},"28":{"start":{"line":170,"column":4},"end":{"line":170,"column":11}},"29":{"start":{"line":173,"column":2},"end":{"line":173,"column":42}},"30":{"start":{"line":174,"column":2},"end":{"line":174,"column":60}},"31":{"start":{"line":175,"column":2},"end":{"line":175,"column":56}},"32":{"start":{"line":176,"column":2},"end":{"line":176,"column":43}},"33":{"start":{"line":178,"column":2},"end":{"line":180,"column":3}},"34":{"start":{"line":179,"column":4},"end":{"line":179,"column":48}},"35":{"start":{"line":182,"column":2},"end":{"line":198,"column":3}},"36":{"start":{"line":183,"column":4},"end":{"line":183,"column":37}},"37":{"start":{"line":184,"column":4},"end":{"line":184,"column":27}},"38":{"start":{"line":185,"column":4},"end":{"line":185,"column":33}},"39":{"start":{"line":186,"column":4},"end":{"line":186,"column":33}},"40":{"start":{"line":188,"column":4},"end":{"line":197,"column":5}},"41":{"start":{"line":189,"column":6},"end":{"line":189,"column":31}},"42":{"start":{"line":190,"column":6},"end":{"line":190,"column":27}},"43":{"start":{"line":191,"column":6},"end":{"line":191,"column":29}},"44":{"start":{"line":193,"column":6},"end":{"line":193,"column":26}},"45":{"start":{"line":194,"column":6},"end":{"line":194,"column":33}},"46":{"start":{"line":195,"column":6},"end":{"line":195,"column":26}},"47":{"start":{"line":196,"column":6},"end":{"line":196,"column":27}},"48":{"start":{"line":200,"column":2},"end":{"line":202,"column":3}},"49":{"start":{"line":201,"column":4},"end":{"line":201,"column":22}},"50":{"start":{"line":211,"column":0},"end":{"line":221,"column":2}},"51":{"start":{"line":212,"column":2},"end":{"line":214,"column":3}},"52":{"start":{"line":213,"column":4},"end":{"line":213,"column":40}},"53":{"start":{"line":216,"column":2},"end":{"line":218,"column":3}},"54":{"start":{"line":217,"column":4},"end":{"line":217,"column":16}},"55":{"start":{"line":220,"column":2},"end":{"line":220,"column":29}},"56":{"start":{"line":231,"column":0},"end":{"line":244,"column":2}},"57":{"start":{"line":232,"column":2},"end":{"line":232,"column":50}},"58":{"start":{"line":233,"column":2},"end":{"line":233,"column":21}},"59":{"start":{"line":235,"column":2},"end":{"line":239,"column":3}},"60":{"start":{"line":236,"column":4},"end":{"line":236,"column":45}},"61":{"start":{"line":238,"column":4},"end":{"line":238,"column":32}},"62":{"start":{"line":241,"column":2},"end":{"line":241,"column":25}},"63":{"start":{"line":243,"column":2},"end":{"line":243,"column":12}},"64":{"start":{"line":251,"column":0},"end":{"line":255,"column":2}},"65":{"start":{"line":252,"column":2},"end":{"line":252,"column":36}},"66":{"start":{"line":253,"column":2},"end":{"line":253,"column":32}},"67":{"start":{"line":254,"column":2},"end":{"line":254,"column":14}},"68":{"start":{"line":274,"column":0},"end":{"line":289,"column":2}},"69":{"start":{"line":295,"column":0},"end":{"line":305,"column":1}},"70":{"start":{"line":299,"column":2},"end":{"line":299,"column":50}},"71":{"start":{"line":304,"column":2},"end":{"line":304,"column":50}},"72":{"start":{"line":310,"column":0},"end":{"line":314,"column":2}},"73":{"start":{"line":311,"column":2},"end":{"line":313,"column":3}},"74":{"start":{"line":312,"column":4},"end":{"line":312,"column":28}},"75":{"start":{"line":319,"column":0},"end":{"line":323,"column":2}},"76":{"start":{"line":320,"column":2},"end":{"line":322,"column":3}},"77":{"start":{"line":321,"column":4},"end":{"line":321,"column":28}},"78":{"start":{"line":328,"column":0},"end":{"line":336,"column":2}},"79":{"start":{"line":329,"column":2},"end":{"line":331,"column":3}},"80":{"start":{"line":330,"column":4},"end":{"line":330,"column":45}},"81":{"start":{"line":333,"column":2},"end":{"line":335,"column":3}},"82":{"start":{"line":334,"column":4},"end":{"line":334,"column":45}},"83":{"start":{"line":359,"column":0},"end":{"line":359,"column":25}},"84":{"start":{"line":366,"column":0},"end":{"line":366,"column":19}},"85":{"start":{"line":373,"column":0},"end":{"line":377,"column":2}},"86":{"start":{"line":374,"column":2},"end":{"line":376,"column":3}},"87":{"start":{"line":375,"column":4},"end":{"line":375,"column":75}},"88":{"start":{"line":384,"column":0},"end":{"line":397,"column":2}},"89":{"start":{"line":385,"column":2},"end":{"line":387,"column":3}},"90":{"start":{"line":386,"column":4},"end":{"line":386,"column":11}},"91":{"start":{"line":389,"column":2},"end":{"line":389,"column":35}},"92":{"start":{"line":390,"column":2},"end":{"line":390,"column":20}},"93":{"start":{"line":391,"column":2},"end":{"line":394,"column":3}},"94":{"start":{"line":392,"column":4},"end":{"line":392,"column":57}},"95":{"start":{"line":393,"column":4},"end":{"line":393,"column":47}},"96":{"start":{"line":396,"column":2},"end":{"line":396,"column":79}},"97":{"start":{"line":403,"column":0},"end":{"line":407,"column":2}},"98":{"start":{"line":404,"column":2},"end":{"line":406,"column":3}},"99":{"start":{"line":405,"column":4},"end":{"line":405,"column":113}},"100":{"start":{"line":413,"column":0},"end":{"line":417,"column":2}},"101":{"start":{"line":414,"column":2},"end":{"line":416,"column":3}},"102":{"start":{"line":415,"column":4},"end":{"line":415,"column":106}},"103":{"start":{"line":423,"column":0},"end":{"line":427,"column":2}},"104":{"start":{"line":424,"column":2},"end":{"line":426,"column":3}},"105":{"start":{"line":425,"column":4},"end":{"line":425,"column":99}},"106":{"start":{"line":432,"column":0},"end":{"line":436,"column":2}},"107":{"start":{"line":433,"column":2},"end":{"line":435,"column":3}},"108":{"start":{"line":434,"column":4},"end":{"line":434,"column":94}},"109":{"start":{"line":443,"column":0},"end":{"line":447,"column":2}},"110":{"start":{"line":444,"column":2},"end":{"line":446,"column":3}},"111":{"start":{"line":445,"column":4},"end":{"line":445,"column":95}},"112":{"start":{"line":455,"column":0},"end":{"line":459,"column":2}},"113":{"start":{"line":456,"column":2},"end":{"line":458,"column":3}},"114":{"start":{"line":457,"column":4},"end":{"line":457,"column":114}},"115":{"start":{"line":471,"column":0},"end":{"line":479,"column":2}},"116":{"start":{"line":472,"column":2},"end":{"line":472,"column":116}},"117":{"start":{"line":473,"column":2},"end":{"line":473,"column":121}},"118":{"start":{"line":474,"column":2},"end":{"line":474,"column":45}},"119":{"start":{"line":476,"column":2},"end":{"line":478,"column":3}},"120":{"start":{"line":477,"column":4},"end":{"line":477,"column":107}},"121":{"start":{"line":486,"column":0},"end":{"line":490,"column":2}},"122":{"start":{"line":487,"column":2},"end":{"line":487,"column":30}},"123":{"start":{"line":488,"column":2},"end":{"line":488,"column":23}},"124":{"start":{"line":489,"column":2},"end":{"line":489,"column":18}},"125":{"start":{"line":497,"column":0},"end":{"line":501,"column":2}},"126":{"start":{"line":498,"column":2},"end":{"line":498,"column":24}},"127":{"start":{"line":499,"column":2},"end":{"line":499,"column":17}},"128":{"start":{"line":500,"column":2},"end":{"line":500,"column":18}},"129":{"start":{"line":523,"column":0},"end":{"line":528,"column":2}},"130":{"start":{"line":527,"column":2},"end":{"line":527,"column":70}},"131":{"start":{"line":535,"column":0},"end":{"line":545,"column":2}},"132":{"start":{"line":536,"column":2},"end":{"line":536,"column":20}},"133":{"start":{"line":537,"column":2},"end":{"line":537,"column":17}},"134":{"start":{"line":539,"column":2},"end":{"line":542,"column":3}},"135":{"start":{"line":540,"column":4},"end":{"line":540,"column":23}},"136":{"start":{"line":541,"column":4},"end":{"line":541,"column":25}},"137":{"start":{"line":544,"column":2},"end":{"line":544,"column":18}},"138":{"start":{"line":551,"column":0},"end":{"line":561,"column":2}},"139":{"start":{"line":552,"column":2},"end":{"line":552,"column":17}},"140":{"start":{"line":553,"column":2},"end":{"line":553,"column":17}},"141":{"start":{"line":555,"column":2},"end":{"line":558,"column":3}},"142":{"start":{"line":556,"column":4},"end":{"line":556,"column":15}},"143":{"start":{"line":557,"column":4},"end":{"line":557,"column":25}},"144":{"start":{"line":560,"column":2},"end":{"line":560,"column":14}},"145":{"start":{"line":568,"column":0},"end":{"line":571,"column":2}},"146":{"start":{"line":569,"column":2},"end":{"line":569,"column":27}},"147":{"start":{"line":570,"column":2},"end":{"line":570,"column":58}},"148":{"start":{"line":580,"column":0},"end":{"line":588,"column":2}},"149":{"start":{"line":581,"column":2},"end":{"line":581,"column":45}},"150":{"start":{"line":583,"column":2},"end":{"line":585,"column":3}},"151":{"start":{"line":584,"column":4},"end":{"line":584,"column":14}},"152":{"start":{"line":587,"column":2},"end":{"line":587,"column":42}},"153":{"start":{"line":597,"column":0},"end":{"line":606,"column":2}},"154":{"start":{"line":598,"column":2},"end":{"line":598,"column":45}},"155":{"start":{"line":599,"column":2},"end":{"line":599,"column":26}},"156":{"start":{"line":601,"column":2},"end":{"line":605,"column":3}},"157":{"start":{"line":602,"column":4},"end":{"line":602,"column":31}},"158":{"start":{"line":603,"column":4},"end":{"line":603,"column":54}},"159":{"start":{"line":604,"column":4},"end":{"line":604,"column":15}},"160":{"start":{"line":609,"column":0},"end":{"line":609,"column":19}},"161":{"start":{"line":612,"column":0},"end":{"line":612,"column":23}},"162":{"start":{"line":615,"column":0},"end":{"line":615,"column":25}},"163":{"start":{"line":618,"column":0},"end":{"line":618,"column":15}},"164":{"start":{"line":624,"column":0},"end":{"line":628,"column":2}},"165":{"start":{"line":625,"column":2},"end":{"line":627,"column":3}},"166":{"start":{"line":626,"column":4},"end":{"line":626,"column":44}},"167":{"start":{"line":637,"column":0},"end":{"line":686,"column":2}},"168":{"start":{"line":648,"column":2},"end":{"line":684,"column":4}},"169":{"start":{"line":649,"column":4},"end":{"line":649,"column":30}},"170":{"start":{"line":650,"column":4},"end":{"line":650,"column":22}},"171":{"start":{"line":651,"column":4},"end":{"line":651,"column":38}},"172":{"start":{"line":652,"column":4},"end":{"line":652,"column":42}},"173":{"start":{"line":653,"column":4},"end":{"line":653,"column":37}},"174":{"start":{"line":654,"column":4},"end":{"line":654,"column":31}},"175":{"start":{"line":656,"column":4},"end":{"line":656,"column":28}},"176":{"start":{"line":657,"column":4},"end":{"line":657,"column":29}},"177":{"start":{"line":658,"column":4},"end":{"line":658,"column":36}},"178":{"start":{"line":660,"column":4},"end":{"line":663,"column":5}},"179":{"start":{"line":661,"column":6},"end":{"line":661,"column":52}},"180":{"start":{"line":662,"column":6},"end":{"line":662,"column":40}},"181":{"start":{"line":665,"column":4},"end":{"line":665,"column":56}},"182":{"start":{"line":666,"column":4},"end":{"line":666,"column":33}},"183":{"start":{"line":667,"column":4},"end":{"line":667,"column":37}},"184":{"start":{"line":668,"column":4},"end":{"line":668,"column":34}},"185":{"start":{"line":670,"column":4},"end":{"line":674,"column":5}},"186":{"start":{"line":671,"column":6},"end":{"line":671,"column":38}},"187":{"start":{"line":672,"column":6},"end":{"line":672,"column":44}},"188":{"start":{"line":673,"column":6},"end":{"line":673,"column":32}},"189":{"start":{"line":676,"column":4},"end":{"line":676,"column":28}},"190":{"start":{"line":678,"column":4},"end":{"line":678,"column":26}},"191":{"start":{"line":679,"column":4},"end":{"line":679,"column":18}},"192":{"start":{"line":680,"column":4},"end":{"line":680,"column":34}},"193":{"start":{"line":681,"column":4},"end":{"line":681,"column":38}},"194":{"start":{"line":683,"column":4},"end":{"line":683,"column":18}},"195":{"start":{"line":685,"column":2},"end":{"line":685,"column":11}},"196":{"start":{"line":699,"column":0},"end":{"line":711,"column":3}},"197":{"start":{"line":700,"column":2},"end":{"line":700,"column":21}},"198":{"start":{"line":702,"column":2},"end":{"line":702,"column":14}},"199":{"start":{"line":703,"column":2},"end":{"line":703,"column":11}},"200":{"start":{"line":704,"column":2},"end":{"line":704,"column":13}},"201":{"start":{"line":706,"column":2},"end":{"line":708,"column":3}},"202":{"start":{"line":707,"column":4},"end":{"line":707,"column":44}},"203":{"start":{"line":710,"column":2},"end":{"line":710,"column":14}},"204":{"start":{"line":725,"column":0},"end":{"line":747,"column":3}},"205":{"start":{"line":726,"column":2},"end":{"line":726,"column":63}},"206":{"start":{"line":727,"column":2},"end":{"line":727,"column":30}},"207":{"start":{"line":728,"column":2},"end":{"line":728,"column":30}},"208":{"start":{"line":730,"column":2},"end":{"line":733,"column":3}},"209":{"start":{"line":731,"column":4},"end":{"line":731,"column":40}},"210":{"start":{"line":732,"column":4},"end":{"line":732,"column":44}},"211":{"start":{"line":735,"column":2},"end":{"line":735,"column":26}},"212":{"start":{"line":736,"column":2},"end":{"line":736,"column":11}},"213":{"start":{"line":738,"column":2},"end":{"line":740,"column":3}},"214":{"start":{"line":739,"column":4},"end":{"line":739,"column":91}},"215":{"start":{"line":742,"column":2},"end":{"line":744,"column":3}},"216":{"start":{"line":743,"column":4},"end":{"line":743,"column":68}},"217":{"start":{"line":746,"column":2},"end":{"line":746,"column":56}},"218":{"start":{"line":758,"column":0},"end":{"line":765,"column":2}},"219":{"start":{"line":759,"column":2},"end":{"line":759,"column":32}},"220":{"start":{"line":764,"column":2},"end":{"line":764,"column":55}},"221":{"start":{"line":774,"column":0},"end":{"line":830,"column":2}},"222":{"start":{"line":775,"column":2},"end":{"line":777,"column":3}},"223":{"start":{"line":776,"column":4},"end":{"line":776,"column":11}},"224":{"start":{"line":779,"column":2},"end":{"line":779,"column":42}},"225":{"start":{"line":780,"column":2},"end":{"line":780,"column":60}},"226":{"start":{"line":781,"column":2},"end":{"line":781,"column":33}},"227":{"start":{"line":782,"column":2},"end":{"line":782,"column":23}},"228":{"start":{"line":785,"column":2},"end":{"line":796,"column":3}},"229":{"start":{"line":786,"column":4},"end":{"line":786,"column":30}},"230":{"start":{"line":787,"column":4},"end":{"line":795,"column":5}},"231":{"start":{"line":788,"column":6},"end":{"line":794,"column":7}},"232":{"start":{"line":789,"column":8},"end":{"line":789,"column":23}},"233":{"start":{"line":790,"column":13},"end":{"line":794,"column":7}},"234":{"start":{"line":791,"column":8},"end":{"line":791,"column":37}},"235":{"start":{"line":793,"column":8},"end":{"line":793,"column":52}},"236":{"start":{"line":799,"column":2},"end":{"line":811,"column":3}},"237":{"start":{"line":800,"column":4},"end":{"line":804,"column":5}},"238":{"start":{"line":801,"column":6},"end":{"line":801,"column":29}},"239":{"start":{"line":803,"column":6},"end":{"line":803,"column":62}},"240":{"start":{"line":806,"column":4},"end":{"line":808,"column":5}},"241":{"start":{"line":807,"column":6},"end":{"line":807,"column":25}},"242":{"start":{"line":810,"column":4},"end":{"line":810,"column":30}},"243":{"start":{"line":816,"column":2},"end":{"line":827,"column":3}},"244":{"start":{"line":818,"column":4},"end":{"line":818,"column":49}},"245":{"start":{"line":819,"column":9},"end":{"lin
[...]
arkDeleted(child);","        delete keyMap[key];","      }","    }","","    data.keyMapValid = true;","  }","};","","/**"," * Changes to the first child of the current node."," */","var enterNode = function () {","  currentParent = currentNode;","  currentNode = null;","};","","/**"," * @return {?Node} The next Node to be patched."," */","var getNextNode = function () {","  if (currentNode) {","    return currentNode.nextSibling;","  } else {","    return currentParent.firstChild;","  }","};","","/**"," * Changes to the next sibling of the current node."," */","var nextNode = function () {","  currentNode = getNextNode();","};","","/**"," * Changes to the parent of the current node, removing any unvisited children."," */","var exitNode = function () {","  clearUnvisitedDOM();","","  currentNode = currentParent;","  currentParent = currentParent.parentNode;","};","","/**"," * Makes sure that the current node is an Element with a matching tagName and"," * key."," *"," * @param {string} tag The element's tag."," * @param {?string=} key The key used to identify this element. This can be an"," *     empty string, but performance may be better if a unique value is used"," *     when iterating over an array of items."," * @return {!Element} The corresponding Element."," */","var coreElementOpen = function (tag, key) {","  nextNode();","  alignWithDOM(tag, key);","  enterNode();","  return (/** @type {!Element} */currentParent","  );","};","","/**"," * Closes the currently open Element, removing any unvisited children if"," * necessary."," *"," * @return {!Element} The corresponding Element."," */","var coreElementClose = function () {","  if (process.env.NODE_ENV !== 'production') {","    setInSkip(false);","  }","","  exitNode();","  return (/** @type {!Element} */currentNode","  );","};","","/**"," * Makes sure the current node is a Text node and creates a Text node if it is"," * not."," *"," * @return {!Text} The corresponding Text Node."," */","var coreText = function () {","  nextNode();","  alignWithDOM('#text', null);","  return (/** @type {!Text} */currentNode","  );","};","","/**"," * Gets the current Element being patched."," * @return {!Element}"," */","var currentElement = function () {","  if (process.env.NODE_ENV !== 'production') {","    assertInPatch('currentElement', context);","    assertNotInAttributes('currentElement');","  }","  return (/** @type {!Element} */currentParent","  );","};","","/**"," * @return {Node} The Node that will be evaluated for the next instruction."," */","var currentPointer = function () {","  if (process.env.NODE_ENV !== 'production') {","    assertInPatch('currentPointer', context);","    assertNotInAttributes('currentPointer');","  }","  return getNextNode();","};","","/**"," * Skips the children in a subtree, allowing an Element to be closed without"," * clearing out the children."," */","var skip = function () {","  if (process.env.NODE_ENV !== 'production') {","    assertNoChildrenDeclaredYet('skip', currentNode);","    setInSkip(true);","  }","  currentNode = currentParent.lastChild;","};","","/**"," * Skips the next Node to be patched, moving the pointer forward to the next"," * sibling of the current pointer."," */","var skipNode = nextNode;","","/**"," * Copyright 2015 The Incremental DOM Authors. All Rights Reserved."," *"," * Licensed under the Apache License, Version 2.0 (the \"License\");"," * you may not use this file except in compliance with the License."," * You may obtain a copy of the License at"," *"," *      http://www.apache.org/licenses/LICENSE-2.0"," *"," * Unless required by applicable law or agreed to in writing, software"," * distributed under the License is distributed on an \"AS-IS\" BASIS,"," * WITHOUT WARRANTIES OR CONDITIONS OF ANY KIND, either express or implied."," * See the License for the specific language governing permissions and"," * limitations under the License."," */","","/** @const */","var symbols = {","  default: '__default'","};","","/**"," * @param {string} name"," * @return {string|undefined} The namespace to use for the attribute."," */","var getNamespace = function (name) {","  if (name.lastIndexOf('xml:', 0) === 0) {","    return 'http://www.w3.org/XML/1998/namespace';","  }","","  if (name.lastIndexOf('xlink:', 0) === 0) {","    return 'http://www.w3.org/1999/xlink';","  }","};","","/**"," * Applies an attribute or property to a given Element. If the value is null"," * or undefined, it is removed from the Element. Otherwise, the value is set"," * as an attribute."," * @param {!Element} el"," * @param {string} name The attribute's name."," * @param {?(boolean|number|string)=} value The attribute's value."," */","var applyAttr = function (el, name, value) {","  if (value == null) {","    el.removeAttribute(name);","  } else {","    var attrNS = getNamespace(name);","    if (attrNS) {","      el.setAttributeNS(attrNS, name, value);","    } else {","      el.setAttribute(name, value);","    }","  }","};","","/**"," * Applies a property to a given Element."," * @param {!Element} el"," * @param {string} name The property's name."," * @param {*} value The property's value."," */","var applyProp = function (el, name, value) {","  el[name] = value;","};","","/**"," * Applies a value to a style declaration. Supports CSS custom properties by"," * setting properties containing a dash using CSSStyleDeclaration.setProperty."," * @param {CSSStyleDeclaration} style"," * @param {!string} prop"," * @param {*} value"," */","var setStyleValue = function (style, prop, value) {","  if (prop.indexOf('-') >= 0) {","    style.setProperty(prop, /** @type {string} */value);","  } else {","    style[prop] = value;","  }","};","","/**"," * Applies a style to an Element. No vendor prefix expansion is done for"," * property names/values."," * @param {!Element} el"," * @param {string} name The attribute's name."," * @param {*} style The style to set. Either a string of css or an object"," *     containing property-value pairs."," */","var applyStyle = function (el, name, style) {","  if (typeof style === 'string') {","    el.style.cssText = style;","  } else {","    el.style.cssText = '';","    var elStyle = el.style;","    var obj = /** @type {!Object<string,string>} */style;","","    for (var prop in obj) {","      if (has(obj, prop)) {","        setStyleValue(elStyle, prop, obj[prop]);","      }","    }","  }","};","","/**"," * Updates a single attribute on an Element."," * @param {!Element} el"," * @param {string} name The attribute's name."," * @param {*} value The attribute's value. If the value is an object or"," *     function it is set on the Element, otherwise, it is set as an HTML"," *     attribute."," */","var applyAttributeTyped = function (el, name, value) {","  var type = typeof value;","","  if (type === 'object' || type === 'function') {","    applyProp(el, name, value);","  } else {","    applyAttr(el, name, /** @type {?(boolean|number|string)} */value);","  }","};","","/**"," * Calls the appropriate attribute mutator for this attribute."," * @param {!Element} el"," * @param {string} name The attribute's name."," * @param {*} value The attribute's value."," */","var updateAttribute = function (el, name, value) {","  var data = getData(el);","  var attrs = data.attrs;","","  if (attrs[name] === value) {","    return;","  }","","  var mutator = attributes[name] || attributes[symbols.default];","  mutator(el, name, value);","","  attrs[name] = value;","};","","/**"," * A publicly mutable object to provide custom mutators for attributes."," * @const {!Object<string, function(!Element, string, *)>}"," */","var attributes = createMap();","","// Special generic mutator that's called for any attribute that does not","// have a specific mutator.","attributes[symbols.default] = applyAttributeTyped;","","attributes['style'] = applyStyle;","","/**"," * The offset in the virtual element declaration where the attributes are"," * specified."," * @const"," */","var ATTRIBUTES_OFFSET = 3;","","/**"," * Builds an array of arguments for use with elementOpenStart, attr and"," * elementOpenEnd."," * @const {Array<*>}"," */","var argsBuilder = [];","","/**"," * @param {string} tag The element's tag."," * @param {?string=} key The key used to identify this element. This can be an"," *     empty string, but performance may be better if a unique value is used"," *     when iterating over an array of items."," * @param {?Array<*>=} statics An array of attribute name/value pairs of the"," *     static attributes for the Element. These will only be set once when the"," *     Element is created."," * @param {...*} var_args, Attribute name/value pairs of the dynamic attributes"," *     for the Element."," * @return {!Element} The corresponding Element."," */","var elementOpen = function (tag, key, statics, var_args) {","  if (process.env.NODE_ENV !== 'production') {","    assertNotInAttributes('elementOpen');","    assertNotInSkip('elementOpen');","  }","","  var node = coreElementOpen(tag, key);","  var data = getData(node);","","  if (!data.staticsApplied) {","    if (statics) {","      for (var _i = 0; _i < statics.length; _i += 2) {","        var name = /** @type {string} */statics[_i];","        var value = statics[_i + 1];","        updateAttribute(node, name, value);","      }","    }","    // Down the road, we may want to keep track of the statics array to use it","    // as an additional signal about whether a node matches or not. For now,","    // just use a marker so that we do not reapply statics.","    data.staticsApplied = true;","  }","","  /*","   * Checks to see if one or more attributes have changed for a given Element.","   * When no attributes have changed, this is much faster than checking each","   * individual argument. When attributes have changed, the overhead of this is","   * minimal.","   */","  var attrsArr = data.attrsArr;","  var newAttrs = data.newAttrs;","  var isNew = !attrsArr.length;","  var i = ATTRIBUTES_OFFSET;","  var j = 0;","","  for (; i < arguments.length; i += 2, j += 2) {","    var _attr = arguments[i];","    if (isNew) {","      attrsArr[j] = _attr;","      newAttrs[_attr] = undefined;","    } else if (attrsArr[j] !== _attr) {","      break;","    }","","    var value = arguments[i + 1];","    if (isNew || attrsArr[j + 1] !== value) {","      attrsArr[j + 1] = value;","      updateAttribute(node, _attr, value);","    }","  }","","  if (i < arguments.length || j < attrsArr.length) {","    for (; i < arguments.length; i += 1, j += 1) {","      attrsArr[j] = arguments[i];","    }","","    if (j < attrsArr.length) {","      attrsArr.length = j;","    }","","    /*","     * Actually perform the attribute update.","     */","    for (i = 0; i < attrsArr.length; i += 2) {","      var name = /** @type {string} */attrsArr[i];","      var value = attrsArr[i + 1];","      newAttrs[name] = value;","    }","","    for (var _attr2 in newAttrs) {","      updateAttribute(node, _attr2, newAttrs[_attr2]);","      newAttrs[_attr2] = undefined;","    }","  }","","  return node;","};","","/**"," * Declares a virtual Element at the current location in the document. This"," * corresponds to an opening tag and a elementClose tag is required. This is"," * like elementOpen, but the attributes are defined using the attr function"," * rather than being passed as arguments. Must be folllowed by 0 or more calls"," * to attr, then a call to elementOpenEnd."," * @param {string} tag The element's tag."," * @param {?string=} key The key used to identify this element. This can be an"," *     empty string, but performance may be better if a unique value is used"," *     when iterating over an array of items."," * @param {?Array<*>=} statics An array of attribute name/value pairs of the"," *     static attributes for the Element. These will only be set once when the"," *     Element is created."," */","var elementOpenStart = function (tag, key, statics) {","  if (process.env.NODE_ENV !== 'production') {","    assertNotInAttributes('elementOpenStart');","    setInAttributes(true);","  }","","  argsBuilder[0] = tag;","  argsBuilder[1] = key;","  argsBuilder[2] = statics;","};","","/***"," * Defines a virtual attribute at this point of the DOM. This is only valid"," * when called between elementOpenStart and elementOpenEnd."," *"," * @param {string} name"," * @param {*} value"," */","var attr = function (name, value) {","  if (process.env.NODE_ENV !== 'production') {","    assertInAttributes('attr');","  }","","  argsBuilder.push(name);","  argsBuilder.push(value);","};","","/**"," * Closes an open tag started with elementOpenStart."," * @return {!Element} The corresponding Element."," */","var elementOpenEnd = function () {","  if (process.env.NODE_ENV !== 'production') {","    assertInAttributes('elementOpenEnd');","    setInAttributes(false);","  }","","  var node = elementOpen.apply(null, argsBuilder);","  argsBuilder.length = 0;","  return node;","};","","/**"," * Closes an open virtual Element."," *"," * @param {string} tag The element's tag."," * @return {!Element} The corresponding Element."," */","var elementClose = function (tag) {","  if (process.env.NODE_ENV !== 'production') {","    assertNotInAttributes('elementClose');","  }","","  var node = coreElementClose();","","  if (process.env.NODE_ENV !== 'production') {","    assertCloseMatchesOpenTag(getData(node).nodeName, tag);","  }","","  return node;","};","","/**"," * Declares a virtual Element at the current location in the document that has"," * no children."," * @param {string} tag The element's tag."," * @param {?string=} key The key used to identify this element. This can be an"," *     empty string, but performance may be better if a unique value is used"," *     when iterating over an array of items."," * @param {?Array<*>=} statics An array of attribute name/value pairs of the"," *     static attributes for the Element. These will only be set once when the"," *     Element is created."," * @param {...*} var_args Attribute name/value pairs of the dynamic attributes"," *     for the Element."," * @return {!Element} The corresponding Element."," */","var elementVoid = function (tag, key, statics, var_args) {","  elementOpen.apply(null, arguments);","  return elementClose(tag);","};","","/**"," * Declares a virtual Text at this point in the document."," *"," * @param {string|number|boolean} value The value of the Text."," * @param {...(function((string|number|boolean)):string)} var_args"," *     Functions to format the value which are called only when the value has"," *     changed."," * @return {!Text} The corresponding text node."," */","var text = function (value, var_args) {","  if (process.env.NODE_ENV !== 'production') {","    assertNotInAttributes('text');","    assertNotInSkip('text');","  }","","  var node = coreText();","  var data = getData(node);","","  if (data.text !== value) {","    data.text = /** @type {string} */value;","","    var formatted = value;","    for (var i = 1; i < arguments.length; i += 1) {","      /*","       * Call the formatter function directly to prevent leaking arguments.","       * https://github.com/google/incremental-dom/pull/204#issuecomment-178223574","       */","      var fn = arguments[i];","      formatted = fn(formatted);","    }","","    node.data = formatted;","  }","","  return node;","};","","exports.patch = patchInner;","exports.patchInner = patchInner;","exports.patchOuter = patchOuter;","exports.currentElement = currentElement;","exports.currentPointer = currentPointer;","exports.skip = skip;","exports.skipNode = skipNode;","exports.elementVoid = elementVoid;","exports.elementOpenStart = elementOpenStart;","exports.elementOpenEnd = elementOpenEnd;","exports.elementOpen = elementOpen;","exports.elementClose = elementClose;","exports.text = text;","exports.attr = attr;","exports.symbols = symbols;","exports.attributes = attributes;","exports.applyAttr = applyAttr;","exports.applyProp = applyProp;","exports.notifications = notifications;","exports.importNode = importNode;","","//# sourceMappingURL=incremental-dom-cjs.js.map"],"l":{"40":1,"46":1,"48":1,"56":1,"57":0,"64":1,"65":1,"74":1,"79":0,"87":0,"93":0,"99":0,"106":0,"112":0,"118":0,"124":0,"130":0,"135":0,"146":1,"147":0,"148":0,"149":0,"158":1,"159":0,"160":0,"168":1,"169":0,"170":0,"173":0,"174":0,"175":0,"176":0,"178":0,"179":0,"182":0,"183":0,"184":0,"185":0,"186":0,"188":0,"189":0,"190":0,"191":0,"193":0,"194":0,"195":0,"196":0,"200":0,"201":0,"211":1,"212":0,"213":0,"216":0,"217":0,"220":0,"231":1,"232":0,"233":0,"235":0,"236":0,"238":0,"241":0,"243":0,"251":1,"252":0,"253":0,"254":0,"274":1,"295":1,"299":0,"304":0,"310":1,"311":0,"312":0,"319":1,"320":0,"321":0,"328":1,"329":0,"330":0,"333":0,"334":0,"359":1,"366":1,"373":1,"374":0,"375":0,"384":1,"385":0,"386":0,"389":0,"390":0,"391":0,"392":0,"393":0,"396":0,"403":1,"404":0,"405":0,"413":1,"414":0,"415":0,"423":1,"424":0,"425":0,"432":1,"433":0,"434":0,"443":1,"444":0,"445":0,"455":1,"456":0,"457":0,"471":1,"472":0,"473":0,"474":0,"476":0,"477":0,"486":1,"487":0,"488":0,"489":0,"497":1,"498":0,"499":0,"500":0,"523":1,"527":0,"535":1,"536":0,"537":0,"539":0,"540":0,"541":0,"544":0,"551":1,"552":0,"553":0,"555":0,"556":0,"557":0,"560":0,"568":1,"569":0,"570":0,"580":1,"581":0,"583":0,"584":0,"587":0,"597":1,"598":0,"599":0,"601":0,"602":0,"603":0,"604":0,"609":1,"612":1,"615":1,"618":1,"624":1,"625":0,"626":0,"637":1,"648":2,"649":0,"650":0,"651":0,"652":0,"653":0,"654":0,"656":0,"657":0,"658":0,"660":0,"661":0,"662":0,"665":0,"666":0,"667":0,"668":0,"670":0,"671":0,"672":0,"673":0,"676":0,"678":0,"679":0,"680":0,"681":0,"683":0,"685":2,"699":1,"700":0,"702":0,"703":0,"704":0,"706":0,"707":0,"710":0,"725":1,"726":0,"727":0,"728":0,"730":0,"731":0,"732":0,"735":0,"736":0,"738":0,"739":0,"742":0,"743":0,"746":0,"758":1,"759":0,"764":0,"774":1,"775":0,"776":0,"779":0,"780":0,"781":0,"782":0,"785":0,"786":0,"787":0,"788":0,"789":0,"790":0,"791":0,"793":0,"799":0,"800":0,"801":0,"803":0,"806":0,"807":0,"810":0,"816":0,"818":0,"819":0,"823":0,"824":0,"826":0,"829":0,"837":1,"838":0,"839":0,"841":0,"842":0,"843":0,"851":1,"852":0,"853":0,"854":0,"855":0,"856":0,"857":0,"859":0,"860":0,"863":0,"864":0,"865":0,"869":0,"870":0,"871":0,"872":0,"873":0,"874":0,"878":0,"885":1,"886":0,"887":0,"893":1,"894":0,"895":0,"897":0,"904":1,"905":0,"911":1,"912":0,"914":0,"915":0,"928":1,"929":0,"930":0,"931":0,"932":0,"942":1,"943":0,"944":0,"947":0,"948":0,"958":1,"959":0,"960":0,"961":0,"969":1,"970":0,"971":0,"972":0,"974":0,"981":1,"982":0,"983":0,"984":0,"986":0,"993":1,"994":0,"995":0,"996":0,"998":0,"1005":1,"1024":1,"1032":1,"1033":0,"1034":0,"1037":0,"1038":0,"1050":1,"1051":0,"1052":0,"1054":0,"1055":0,"1056":0,"1058":0,"1069":1,"1070":0,"1080":1,"1081":0,"1082":0,"1084":0,"1096":1,"1097":0,"1098":0,"1100":0,"1101":0,"1102":0,"1104":0,"1105":0,"1106":0,"1120":1,"1121":0,"1123":0,"1124":0,"1126":0,"1136":1,"1137":0,"1138":0,"1140":0,"1141":0,"1144":0,"1145":0,"1147":0,"1154":1,"1158":1,"1160":1,"1167":1,"1174":1,"1188":1,"1189":0,"1190":0,"1191":0,"1194":0,"1195":0,"1197":0,"1198":0,"1199":0,"1200":0,"1201":0,"1202":0,"1208":0,"1217":0,"1218":0,"1219":0,"1220":0,"1221":0,"1223":0,"1224":0,"1225":0,"1226":0,"1227":0,"1228":0,"1229":0,"1232":0,"1233":0,"1234":0,"1235":0,"1239":0,"1240":0,"1241":0,"1244":0,"1245":0,"1251":0,"1252":0,"1253":0,"1254":0,"1257":0,"1258":0,"1259":0,"1263":0,"1280":1,"1281":0,"1282":0,"1283":0,"1286":0,"1287":0,"1288":0,"1298":1,"1299":0,"1300":0,"1303":0,"1304":0,"1311":1,"1312":0,"1313":0,"1314":0,"1317":0,"1318":0,"1319":0,"1328":1,"1329":0,"1330":0,"1333":0,"1335":0,"1336":0,"1339":0,"1356":1,"1357":0,"1358":0,"1370":1,"1371":0,"1372":0,"1373":0,"1376":0,"1377":0,"1379":0,"1380":0,"1382":0,"1383":0,"1388":0,"1389":0,"1392":0,"1395":0,"1398":1,"1399":1,"1400":1,"1401":1,"1402":1,"1403":1,"1404":1,"1405":1,"1406":1,"1407":1,"1408":1,"1409":1,"1410":1,"1411":1,"1412":1,"1413":1,"1414":1,"1415":1,"1416":1,"1417":1}}}